{"contracts/Interfaces/IERC20.sol":{"l":{},"path":"/Users/nikku.jr.dev/Desktop/contracts/contracts/Interfaces/IERC20.sol","s":{},"b":{},"f":{},"fnMap":{},"statementMap":{},"branchMap":{}},"contracts/Interfaces/IV3ZothPool.sol":{"l":{},"path":"/Users/nikku.jr.dev/Desktop/contracts/contracts/Interfaces/IV3ZothPool.sol","s":{},"b":{},"f":{},"fnMap":{},"statementMap":{},"branchMap":{}},"contracts/Interfaces/IWhitelistManager.sol":{"l":{},"path":"/Users/nikku.jr.dev/Desktop/contracts/contracts/Interfaces/IWhitelistManager.sol","s":{},"b":{},"f":{},"fnMap":{},"statementMap":{},"branchMap":{}},"contracts/Interfaces/IZothPool.sol":{"l":{},"path":"/Users/nikku.jr.dev/Desktop/contracts/contracts/Interfaces/IZothPool.sol","s":{},"b":{},"f":{},"fnMap":{},"statementMap":{},"branchMap":{}},"contracts/tokens/TestUSDC.sol":{"l":{"11":0,"12":0,"13":0,"17":0},"path":"/Users/nikku.jr.dev/Desktop/contracts/contracts/tokens/TestUSDC.sol","s":{"1":0,"2":0,"3":0,"4":0},"b":{"1":[0,0]},"f":{"1":0,"2":0},"fnMap":{"1":{"name":"constructor","line":10,"loc":{"start":{"line":10,"column":4},"end":{"line":14,"column":4}}},"2":{"name":"mint","line":16,"loc":{"start":{"line":16,"column":4},"end":{"line":18,"column":4}}}},"statementMap":{"1":{"start":{"line":11,"column":8},"end":{"line":11,"column":65}},"2":{"start":{"line":12,"column":8},"end":{"line":12,"column":49}},"3":{"start":{"line":13,"column":8},"end":{"line":13,"column":42}},"4":{"start":{"line":17,"column":8},"end":{"line":17,"column":24}}},"branchMap":{"1":{"line":16,"type":"if","locations":[{"start":{"line":16,"column":53},"end":{"line":16,"column":53}},{"start":{"line":16,"column":53},"end":{"line":16,"column":53}}]}}},"contracts/utils/ReentrancyGuard.sol":{"l":{"45":0,"56":0,"57":0,"58":0,"63":0,"64":0,"68":0,"74":0,"82":0},"path":"/Users/nikku.jr.dev/Desktop/contracts/contracts/utils/ReentrancyGuard.sol","s":{"1":0,"2":0,"3":0,"4":0},"b":{"1":[0,0]},"f":{"1":0,"2":0,"3":0,"4":0,"5":0},"fnMap":{"1":{"name":"constructor","line":44,"loc":{"start":{"line":44,"column":4},"end":{"line":46,"column":4}}},"2":{"name":"nonReentrant","line":55,"loc":{"start":{"line":55,"column":4},"end":{"line":59,"column":4}}},"3":{"name":"_nonReentrantBefore","line":61,"loc":{"start":{"line":61,"column":4},"end":{"line":69,"column":4}}},"4":{"name":"_nonReentrantAfter","line":71,"loc":{"start":{"line":71,"column":4},"end":{"line":75,"column":4}}},"5":{"name":"_reentrancyGuardEntered","line":81,"loc":{"start":{"line":81,"column":4},"end":{"line":83,"column":4}}}},"statementMap":{"1":{"start":{"line":56,"column":8},"end":{"line":56,"column":28}},"2":{"start":{"line":58,"column":8},"end":{"line":58,"column":27}},"3":{"start":{"line":63,"column":8},"end":{"line":63,"column":2570}},"4":{"start":{"line":82,"column":8},"end":{"line":82,"column":34}}},"branchMap":{"1":{"line":63,"type":"if","locations":[{"start":{"line":63,"column":8},"end":{"line":63,"column":8}},{"start":{"line":63,"column":8},"end":{"line":63,"column":8}}]}}},"contracts/utils/Roles.sol":{"l":{"18":0,"19":0,"21":0,"28":0,"29":0,"30":0,"41":0,"42":0},"path":"/Users/nikku.jr.dev/Desktop/contracts/contracts/utils/Roles.sol","s":{"1":0,"2":0,"3":0,"4":0,"5":0,"6":0},"b":{"1":[0,0],"2":[0,0],"3":[0,0],"4":[0,0],"5":[0,0]},"f":{"1":0,"2":0,"3":0},"fnMap":{"1":{"name":"add","line":17,"loc":{"start":{"line":17,"column":4},"end":{"line":22,"column":4}}},"2":{"name":"remove","line":27,"loc":{"start":{"line":27,"column":4},"end":{"line":31,"column":4}}},"3":{"name":"has","line":37,"loc":{"start":{"line":37,"column":4},"end":{"line":43,"column":4}}}},"statementMap":{"1":{"start":{"line":18,"column":8},"end":{"line":18,"column":37}},"2":{"start":{"line":19,"column":8},"end":{"line":19,"column":35}},"3":{"start":{"line":28,"column":8},"end":{"line":28,"column":37}},"4":{"start":{"line":29,"column":8},"end":{"line":29,"column":34}},"5":{"start":{"line":41,"column":8},"end":{"line":41,"column":37}},"6":{"start":{"line":42,"column":8},"end":{"line":42,"column":35}}},"branchMap":{"1":{"line":18,"type":"if","locations":[{"start":{"line":18,"column":8},"end":{"line":18,"column":8}},{"start":{"line":18,"column":8},"end":{"line":18,"column":8}}]},"2":{"line":19,"type":"if","locations":[{"start":{"line":19,"column":8},"end":{"line":19,"column":8}},{"start":{"line":19,"column":8},"end":{"line":19,"column":8}}]},"3":{"line":28,"type":"if","locations":[{"start":{"line":28,"column":8},"end":{"line":28,"column":8}},{"start":{"line":28,"column":8},"end":{"line":28,"column":8}}]},"4":{"line":29,"type":"if","locations":[{"start":{"line":29,"column":8},"end":{"line":29,"column":8}},{"start":{"line":29,"column":8},"end":{"line":29,"column":8}}]},"5":{"line":41,"type":"if","locations":[{"start":{"line":41,"column":8},"end":{"line":41,"column":8}},{"start":{"line":41,"column":8},"end":{"line":41,"column":8}}]}}},"contracts/utils/WhitelistManager.sol":{"l":{"17":0,"18":0,"19":0,"20":0,"21":0,"22":0,"29":0,"30":0,"37":0,"38":0,"45":0,"49":0,"55":0,"59":0,"67":0,"68":0,"75":0,"82":0,"89":0,"96":0,"103":0,"109":0,"120":0,"127":0,"138":0,"145":0,"156":0,"163":0,"174":0,"181":0,"192":0,"199":0},"path":"/Users/nikku.jr.dev/Desktop/contracts/contracts/utils/WhitelistManager.sol","s":{"1":0,"2":0,"3":0,"4":0,"5":0,"6":0,"7":0,"8":0,"9":0,"10":0,"11":0,"12":0,"13":0,"14":0,"15":0,"16":0,"17":0,"18":0,"19":0,"20":0,"21":0,"22":0,"23":0,"24":0,"25":0,"26":0,"27":0},"b":{"1":[0,0],"2":[0,0],"3":[0,0],"4":[0,0],"5":[0,0],"6":[0,0],"7":[0,0],"8":[0,0],"9":[0,0],"10":[0,0],"11":[0,0],"12":[0,0],"13":[0,0],"14":[0,0],"15":[0,0]},"f":{"1":0,"2":0,"3":0,"4":0,"5":0,"6":0,"7":0,"8":0,"9":0,"10":0,"11":0,"12":0,"13":0,"14":0,"15":0,"16":0,"17":0,"18":0,"19":0,"20":0,"21":0,"22":0},"fnMap":{"1":{"name":"constructor","line":16,"loc":{"start":{"line":16,"column":4},"end":{"line":23,"column":4}}},"2":{"name":"onlyHr","line":28,"loc":{"start":{"line":28,"column":4},"end":{"line":31,"column":4}}},"3":{"name":"onlyOwners","line":36,"loc":{"start":{"line":36,"column":4},"end":{"line":39,"column":4}}},"4":{"name":"onlyPoolManagers","line":44,"loc":{"start":{"line":44,"column":4},"end":{"line":50,"column":4}}},"5":{"name":"onlyFundManagers","line":54,"loc":{"start":{"line":54,"column":4},"end":{"line":60,"column":4}}},"6":{"name":"onlyVerifiers","line":66,"loc":{"start":{"line":66,"column":4},"end":{"line":69,"column":4}}},"7":{"name":"isWhitelisted","line":74,"loc":{"start":{"line":74,"column":4},"end":{"line":76,"column":4}}},"8":{"name":"isFundManager","line":81,"loc":{"start":{"line":81,"column":4},"end":{"line":83,"column":4}}},"9":{"name":"isPoolManager","line":88,"loc":{"start":{"line":88,"column":4},"end":{"line":90,"column":4}}},"10":{"name":"isVerifier","line":95,"loc":{"start":{"line":95,"column":4},"end":{"line":97,"column":4}}},"11":{"name":"isOwner","line":102,"loc":{"start":{"line":102,"column":4},"end":{"line":104,"column":4}}},"12":{"name":"isHr","line":108,"loc":{"start":{"line":108,"column":4},"end":{"line":110,"column":4}}},"13":{"name":"addHr","line":119,"loc":{"start":{"line":119,"column":4},"end":{"line":121,"column":4}}},"14":{"name":"removeHr","line":126,"loc":{"start":{"line":126,"column":4},"end":{"line":128,"column":4}}},"15":{"name":"addVerifier","line":137,"loc":{"start":{"line":137,"column":4},"end":{"line":139,"column":4}}},"16":{"name":"removeVerifier","line":144,"loc":{"start":{"line":144,"column":4},"end":{"line":146,"column":4}}},"17":{"name":"addPoolManager","line":155,"loc":{"start":{"line":155,"column":4},"end":{"line":157,"column":4}}},"18":{"name":"removePoolManager","line":162,"loc":{"start":{"line":162,"column":4},"end":{"line":164,"column":4}}},"19":{"name":"addFundManager","line":173,"loc":{"start":{"line":173,"column":4},"end":{"line":175,"column":4}}},"20":{"name":"removeFundManager","line":180,"loc":{"start":{"line":180,"column":4},"end":{"line":182,"column":4}}},"21":{"name":"addWhitelist","line":191,"loc":{"start":{"line":191,"column":4},"end":{"line":193,"column":4}}},"22":{"name":"removeWhitelist","line":198,"loc":{"start":{"line":198,"column":4},"end":{"line":200,"column":4}}}},"statementMap":{"1":{"start":{"line":17,"column":8},"end":{"line":17,"column":30}},"2":{"start":{"line":18,"column":8},"end":{"line":18,"column":26}},"3":{"start":{"line":19,"column":8},"end":{"line":19,"column":36}},"4":{"start":{"line":20,"column":8},"end":{"line":20,"column":36}},"5":{"start":{"line":21,"column":8},"end":{"line":21,"column":33}},"6":{"start":{"line":22,"column":8},"end":{"line":22,"column":35}},"7":{"start":{"line":29,"column":8},"end":{"line":29,"column":60}},"8":{"start":{"line":37,"column":8},"end":{"line":37,"column":67}},"9":{"start":{"line":45,"column":8},"end":{"line":45,"column":1069}},"10":{"start":{"line":55,"column":8},"end":{"line":55,"column":1304}},"11":{"start":{"line":67,"column":8},"end":{"line":67,"column":73}},"12":{"start":{"line":75,"column":8},"end":{"line":75,"column":41}},"13":{"start":{"line":82,"column":8},"end":{"line":82,"column":42}},"14":{"start":{"line":89,"column":8},"end":{"line":89,"column":42}},"15":{"start":{"line":96,"column":8},"end":{"line":96,"column":39}},"16":{"start":{"line":103,"column":8},"end":{"line":103,"column":36}},"17":{"start":{"line":109,"column":8},"end":{"line":109,"column":32}},"18":{"start":{"line":120,"column":8},"end":{"line":120,"column":24}},"19":{"start":{"line":127,"column":8},"end":{"line":127,"column":27}},"20":{"start":{"line":138,"column":8},"end":{"line":138,"column":31}},"21":{"start":{"line":145,"column":8},"end":{"line":145,"column":34}},"22":{"start":{"line":156,"column":8},"end":{"line":156,"column":34}},"23":{"start":{"line":163,"column":8},"end":{"line":163,"column":37}},"24":{"start":{"line":174,"column":8},"end":{"line":174,"column":34}},"25":{"start":{"line":181,"column":8},"end":{"line":181,"column":37}},"26":{"start":{"line":192,"column":8},"end":{"line":192,"column":33}},"27":{"start":{"line":199,"column":8},"end":{"line":199,"column":36}}},"branchMap":{"1":{"line":29,"type":"if","locations":[{"start":{"line":29,"column":8},"end":{"line":29,"column":8}},{"start":{"line":29,"column":8},"end":{"line":29,"column":8}}]},"2":{"line":37,"type":"if","locations":[{"start":{"line":37,"column":8},"end":{"line":37,"column":8}},{"start":{"line":37,"column":8},"end":{"line":37,"column":8}}]},"3":{"line":45,"type":"if","locations":[{"start":{"line":45,"column":8},"end":{"line":45,"column":8}},{"start":{"line":45,"column":8},"end":{"line":45,"column":8}}]},"4":{"line":55,"type":"if","locations":[{"start":{"line":55,"column":8},"end":{"line":55,"column":8}},{"start":{"line":55,"column":8},"end":{"line":55,"column":8}}]},"5":{"line":67,"type":"if","locations":[{"start":{"line":67,"column":8},"end":{"line":67,"column":8}},{"start":{"line":67,"column":8},"end":{"line":67,"column":8}}]},"6":{"line":119,"type":"if","locations":[{"start":{"line":119,"column":44},"end":{"line":119,"column":44}},{"start":{"line":119,"column":44},"end":{"line":119,"column":44}}]},"7":{"line":126,"type":"if","locations":[{"start":{"line":126,"column":47},"end":{"line":126,"column":47}},{"start":{"line":126,"column":47},"end":{"line":126,"column":47}}]},"8":{"line":137,"type":"if","locations":[{"start":{"line":137,"column":50},"end":{"line":137,"column":50}},{"start":{"line":137,"column":50},"end":{"line":137,"column":50}}]},"9":{"line":144,"type":"if","locations":[{"start":{"line":144,"column":53},"end":{"line":144,"column":53}},{"start":{"line":144,"column":53},"end":{"line":144,"column":53}}]},"10":{"line":155,"type":"if","locations":[{"start":{"line":155,"column":53},"end":{"line":155,"column":53}},{"start":{"line":155,"column":53},"end":{"line":155,"column":53}}]},"11":{"line":162,"type":"if","locations":[{"start":{"line":162,"column":56},"end":{"line":162,"column":56}},{"start":{"line":162,"column":56},"end":{"line":162,"column":56}}]},"12":{"line":173,"type":"if","locations":[{"start":{"line":173,"column":53},"end":{"line":173,"column":53}},{"start":{"line":173,"column":53},"end":{"line":173,"column":53}}]},"13":{"line":180,"type":"if","locations":[{"start":{"line":180,"column":56},"end":{"line":180,"column":56}},{"start":{"line":180,"column":56},"end":{"line":180,"column":56}}]},"14":{"line":191,"type":"if","locations":[{"start":{"line":191,"column":51},"end":{"line":191,"column":51}},{"start":{"line":191,"column":51},"end":{"line":191,"column":51}}]},"15":{"line":198,"type":"if","locations":[{"start":{"line":198,"column":54},"end":{"line":198,"column":54}},{"start":{"line":198,"column":54},"end":{"line":198,"column":54}}]}}},"contracts/V1/ZothTestLP.sol":{"l":{"81":0,"82":0,"83":0,"84":0,"85":0,"92":0,"93":0,"99":0,"100":0,"106":0,"107":0,"114":0,"118":0,"140":0,"141":0,"142":0,"143":0,"144":0,"145":0,"146":0,"164":0,"172":0,"180":0,"188":0,"205":0,"209":0,"213":0,"217":0,"222":0,"224":0,"228":0,"231":0,"232":0,"235":0,"236":0,"238":0,"239":0,"241":0,"242":0,"243":0,"245":0,"247":0,"253":0,"259":0,"265":0,"271":0,"277":0,"292":0,"293":0,"294":0,"296":0,"301":0,"304":0,"306":0,"307":0,"308":0,"309":0,"311":0,"313":0,"314":0,"315":0,"316":0,"318":0,"321":0,"329":0,"331":0,"332":0,"333":0,"337":0,"341":0,"346":0,"356":0,"362":0,"363":0,"364":0,"366":0,"368":0,"369":0,"370":0,"371":0,"372":0,"373":0,"375":0,"390":0,"391":0,"392":0,"394":0,"396":0,"397":0,"398":0,"399":0,"401":0,"412":0,"416":0,"420":0,"424":0,"430":0,"434":0,"435":0,"437":0,"451":0,"452":0,"453":0},"path":"/Users/nikku.jr.dev/Desktop/contracts/contracts/V1/ZothTestLP.sol","s":{"1":0,"2":0,"3":0,"4":0,"5":0,"6":0,"7":0,"8":0,"9":0,"10":0,"11":0,"12":0,"13":0,"14":0,"15":0,"16":0,"17":0,"18":0,"19":0,"20":0,"21":0,"22":0,"23":0,"24":0,"25":0,"26":0,"27":0,"28":0,"29":0,"30":0,"31":0,"32":0,"33":0,"34":0,"35":0,"36":0,"37":0,"38":0,"39":0,"40":0,"41":0,"42":0,"43":0,"44":0,"45":0,"46":0,"47":0,"48":0,"49":0,"50":0,"51":0,"52":0,"53":0,"54":0,"55":0,"56":0,"57":0,"58":0,"59":0,"60":0,"61":0,"62":0,"63":0,"64":0,"65":0,"66":0},"b":{"1":[0,0],"2":[0,0],"3":[0,0],"4":[0,0],"5":[0,0],"6":[0,0],"7":[0,0],"8":[0,0],"9":[0,0],"10":[0,0],"11":[0,0],"12":[0,0],"13":[0,0],"14":[0,0],"15":[0,0],"16":[0,0],"17":[0,0],"18":[0,0],"19":[0,0],"20":[0,0],"21":[0,0],"22":[0,0],"23":[0,0],"24":[0,0],"25":[0,0],"26":[0,0],"27":[0,0],"28":[0,0],"29":[0,0],"30":[0,0],"31":[0,0],"32":[0,0],"33":[0,0],"34":[0,0],"35":[0,0],"36":[0,0],"37":[0,0],"38":[0,0],"39":[0,0],"40":[0,0]},"f":{"1":0,"2":0,"3":0,"4":0,"5":0,"6":0,"7":0,"8":0,"9":0,"10":0,"11":0,"12":0,"13":0,"14":0,"15":0,"16":0,"17":0,"18":0},"fnMap":{"1":{"name":"constructor","line":80,"loc":{"start":{"line":80,"column":4},"end":{"line":86,"column":4}}},"2":{"name":"onlyOwners","line":91,"loc":{"start":{"line":91,"column":4},"end":{"line":94,"column":4}}},"3":{"name":"onlyVerifiers","line":98,"loc":{"start":{"line":98,"column":4},"end":{"line":101,"column":4}}},"4":{"name":"onlyWhitelisted","line":105,"loc":{"start":{"line":105,"column":4},"end":{"line":108,"column":4}}},"5":{"name":"onlyAuthorities","line":113,"loc":{"start":{"line":113,"column":4},"end":{"line":119,"column":4}}},"6":{"name":"setContractVariables","line":139,"loc":{"start":{"line":131,"column":4},"end":{"line":147,"column":4}}},"7":{"name":"getContractVariables","line":159,"loc":{"start":{"line":159,"column":4},"end":{"line":165,"column":4}}},"8":{"name":"addWhitelistAddress","line":171,"loc":{"start":{"line":171,"column":4},"end":{"line":173,"column":4}}},"9":{"name":"addVerifierRole","line":179,"loc":{"start":{"line":179,"column":4},"end":{"line":181,"column":4}}},"10":{"name":"removeWhitelistAddress","line":187,"loc":{"start":{"line":187,"column":4},"end":{"line":189,"column":4}}},"11":{"name":"deposit","line":204,"loc":{"start":{"line":201,"column":4},"end":{"line":278,"column":4}}},"12":{"name":"yieldClaimDetails","line":291,"loc":{"start":{"line":289,"column":4},"end":{"line":322,"column":4}}},"13":{"name":"yieldClaim","line":328,"loc":{"start":{"line":328,"column":4},"end":{"line":350,"column":4}}},"14":{"name":"getportfoliobalance","line":355,"loc":{"start":{"line":355,"column":4},"end":{"line":357,"column":4}}},"15":{"name":"getClaimUSDCDetails","line":359,"loc":{"start":{"line":359,"column":4},"end":{"line":376,"column":4}}},"16":{"name":"getWithdrawUSDCDetails","line":387,"loc":{"start":{"line":387,"column":4},"end":{"line":402,"column":4}}},"17":{"name":"withdraw","line":411,"loc":{"start":{"line":411,"column":4},"end":{"line":441,"column":4}}},"18":{"name":"_transfer","line":450,"loc":{"start":{"line":450,"column":4},"end":{"line":454,"column":4}}}},"statementMap":{"1":{"start":{"line":83,"column":8},"end":{"line":83,"column":35}},"2":{"start":{"line":84,"column":8},"end":{"line":84,"column":30}},"3":{"start":{"line":85,"column":8},"end":{"line":85,"column":33}},"4":{"start":{"line":92,"column":8},"end":{"line":92,"column":67}},"5":{"start":{"line":99,"column":8},"end":{"line":99,"column":73}},"6":{"start":{"line":106,"column":8},"end":{"line":106,"column":71}},"7":{"start":{"line":114,"column":8},"end":{"line":114,"column":3318}},"8":{"start":{"line":164,"column":8},"end":{"line":164,"column":75}},"9":{"start":{"line":172,"column":8},"end":{"line":172,"column":33}},"10":{"start":{"line":180,"column":8},"end":{"line":180,"column":31}},"11":{"start":{"line":188,"column":8},"end":{"line":188,"column":36}},"12":{"start":{"line":205,"column":8},"end":{"line":205,"column":6494}},"13":{"start":{"line":209,"column":8},"end":{"line":209,"column":6725}},"14":{"start":{"line":213,"column":8},"end":{"line":213,"column":6897}},"15":{"start":{"line":217,"column":8},"end":{"line":217,"column":7117}},"16":{"start":{"line":222,"column":8},"end":{"line":222,"column":50}},"17":{"start":{"line":224,"column":8},"end":{"line":224,"column":7410}},"18":{"start":{"line":228,"column":8},"end":{"line":228,"column":51}},"19":{"start":{"line":241,"column":8},"end":{"line":241,"column":28}},"20":{"start":{"line":242,"column":8},"end":{"line":242,"column":48}},"21":{"start":{"line":243,"column":8},"end":{"line":243,"column":36}},"22":{"start":{"line":245,"column":8},"end":{"line":245,"column":8089}},"23":{"start":{"line":247,"column":12},"end":{"line":247,"column":8158}},"24":{"start":{"line":251,"column":15},"end":{"line":251,"column":8325}},"25":{"start":{"line":253,"column":12},"end":{"line":253,"column":8423}},"26":{"start":{"line":257,"column":15},"end":{"line":257,"column":8590}},"27":{"start":{"line":259,"column":12},"end":{"line":259,"column":8687}},"28":{"start":{"line":263,"column":15},"end":{"line":263,"column":8854}},"29":{"start":{"line":265,"column":12},"end":{"line":265,"column":8954}},"30":{"start":{"line":271,"column":12},"end":{"line":271,"column":9159}},"31":{"start":{"line":277,"column":8},"end":{"line":277,"column":25}},"32":{"start":{"line":292,"column":8},"end":{"line":292,"column":74}},"33":{"start":{"line":293,"column":8},"end":{"line":293,"column":70}},"34":{"start":{"line":294,"column":8},"end":{"line":294,"column":71}},"35":{"start":{"line":296,"column":8},"end":{"line":296,"column":9990}},"36":{"start":{"line":301,"column":8},"end":{"line":301,"column":10172}},"37":{"start":{"line":304,"column":8},"end":{"line":304,"column":75}},"38":{"start":{"line":308,"column":8},"end":{"line":308,"column":10429}},"39":{"start":{"line":315,"column":8},"end":{"line":315,"column":10688}},"40":{"start":{"line":321,"column":8},"end":{"line":321,"column":28}},"41":{"start":{"line":329,"column":8},"end":{"line":329,"column":70}},"42":{"start":{"line":331,"column":8},"end":{"line":331,"column":72}},"43":{"start":{"line":333,"column":8},"end":{"line":333,"column":11317}},"44":{"start":{"line":337,"column":8},"end":{"line":337,"column":11465}},"45":{"start":{"line":341,"column":8},"end":{"line":341,"column":11646}},"46":{"start":{"line":346,"column":8},"end":{"line":346,"column":11817}},"47":{"start":{"line":356,"column":8},"end":{"line":356,"column":43}},"48":{"start":{"line":362,"column":8},"end":{"line":362,"column":72}},"49":{"start":{"line":363,"column":8},"end":{"line":363,"column":74}},"50":{"start":{"line":364,"column":8},"end":{"line":364,"column":70}},"51":{"start":{"line":366,"column":8},"end":{"line":366,"column":72}},"52":{"start":{"line":375,"column":8},"end":{"line":375,"column":32}},"53":{"start":{"line":390,"column":8},"end":{"line":390,"column":72}},"54":{"start":{"line":391,"column":8},"end":{"line":391,"column":74}},"55":{"start":{"line":392,"column":8},"end":{"line":392,"column":70}},"56":{"start":{"line":394,"column":8},"end":{"line":394,"column":72}},"57":{"start":{"line":401,"column":8},"end":{"line":401,"column":35}},"58":{"start":{"line":412,"column":8},"end":{"line":412,"column":14182}},"59":{"start":{"line":416,"column":8},"end":{"line":416,"column":14364}},"60":{"start":{"line":420,"column":8},"end":{"line":420,"column":14539}},"61":{"start":{"line":424,"column":8},"end":{"line":424,"column":14706}},"62":{"start":{"line":430,"column":8},"end":{"line":430,"column":14921}},"63":{"start":{"line":437,"column":8},"end":{"line":437,"column":15134}},"64":{"start":{"line":451,"column":8},"end":{"line":451,"column":63}},"65":{"start":{"line":452,"column":8},"end":{"line":452,"column":66}},"66":{"start":{"line":453,"column":8},"end":{"line":453,"column":68}}},"branchMap":{"1":{"line":92,"type":"if","locations":[{"start":{"line":92,"column":8},"end":{"line":92,"column":8}},{"start":{"line":92,"column":8},"end":{"line":92,"column":8}}]},"2":{"line":99,"type":"if","locations":[{"start":{"line":99,"column":8},"end":{"line":99,"column":8}},{"start":{"line":99,"column":8},"end":{"line":99,"column":8}}]},"3":{"line":106,"type":"if","locations":[{"start":{"line":106,"column":8},"end":{"line":106,"column":8}},{"start":{"line":106,"column":8},"end":{"line":106,"column":8}}]},"4":{"line":114,"type":"if","locations":[{"start":{"line":114,"column":8},"end":{"line":114,"column":8}},{"start":{"line":114,"column":8},"end":{"line":114,"column":8}}]},"5":{"line":115,"type":"cond-expr","locations":[{"start":{"line":115,"column":12},"end":{"line":115,"column":37}},{"start":{"line":115,"column":42},"end":{"line":115,"column":64}}]},"6":{"line":139,"type":"if","locations":[{"start":{"line":139,"column":15},"end":{"line":139,"column":15}},{"start":{"line":139,"column":15},"end":{"line":139,"column":15}}]},"7":{"line":171,"type":"if","locations":[{"start":{"line":171,"column":60},"end":{"line":171,"column":60}},{"start":{"line":171,"column":60},"end":{"line":171,"column":60}}]},"8":{"line":179,"type":"if","locations":[{"start":{"line":179,"column":56},"end":{"line":179,"column":56}},{"start":{"line":179,"column":56},"end":{"line":179,"column":56}}]},"9":{"line":187,"type":"if","locations":[{"start":{"line":187,"column":63},"end":{"line":187,"column":63}},{"start":{"line":187,"column":63},"end":{"line":187,"column":63}}]},"10":{"line":204,"type":"if","locations":[{"start":{"line":204,"column":13},"end":{"line":204,"column":13}},{"start":{"line":204,"column":13},"end":{"line":204,"column":13}}]},"11":{"line":204,"type":"if","locations":[{"start":{"line":204,"column":29},"end":{"line":204,"column":29}},{"start":{"line":204,"column":29},"end":{"line":204,"column":29}}]},"12":{"line":205,"type":"if","locations":[{"start":{"line":205,"column":8},"end":{"line":205,"column":8}},{"start":{"line":205,"column":8},"end":{"line":205,"column":8}}]},"13":{"line":206,"type":"cond-expr","locations":[{"start":{"line":206,"column":12},"end":{"line":206,"column":29}},{"start":{"line":206,"column":34},"end":{"line":206,"column":51}}]},"14":{"line":206,"type":"cond-expr","locations":[{"start":{"line":206,"column":12},"end":{"line":206,"column":51}},{"start":{"line":206,"column":56},"end":{"line":206,"column":73}}]},"15":{"line":209,"type":"if","locations":[{"start":{"line":209,"column":8},"end":{"line":209,"column":8}},{"start":{"line":209,"column":8},"end":{"line":209,"column":8}}]},"16":{"line":213,"type":"if","locations":[{"start":{"line":213,"column":8},"end":{"line":213,"column":8}},{"start":{"line":213,"column":8},"end":{"line":213,"column":8}}]},"17":{"line":217,"type":"if","locations":[{"start":{"line":217,"column":8},"end":{"line":217,"column":8}},{"start":{"line":217,"column":8},"end":{"line":217,"column":8}}]},"18":{"line":225,"type":"if","locations":[{"start":{"line":225,"column":14},"end":{"line":225,"column":20}},{"start":{"line":226,"column":14},"end":{"line":226,"column":55}}]},"19":{"line":245,"type":"if","locations":[{"start":{"line":245,"column":8},"end":{"line":245,"column":8}},{"start":{"line":245,"column":8},"end":{"line":245,"column":8}}]},"20":{"line":251,"type":"if","locations":[{"start":{"line":251,"column":15},"end":{"line":251,"column":15}},{"start":{"line":251,"column":15},"end":{"line":251,"column":15}}]},"21":{"line":257,"type":"if","locations":[{"start":{"line":257,"column":15},"end":{"line":257,"column":15}},{"start":{"line":257,"column":15},"end":{"line":257,"column":15}}]},"22":{"line":263,"type":"if","locations":[{"start":{"line":263,"column":15},"end":{"line":263,"column":15}},{"start":{"line":263,"column":15},"end":{"line":263,"column":15}}]},"23":{"line":291,"type":"if","locations":[{"start":{"line":291,"column":18},"end":{"line":291,"column":18}},{"start":{"line":291,"column":18},"end":{"line":291,"column":18}}]},"24":{"line":296,"type":"if","locations":[{"start":{"line":296,"column":8},"end":{"line":296,"column":8}},{"start":{"line":296,"column":8},"end":{"line":296,"column":8}}]},"25":{"line":308,"type":"if","locations":[{"start":{"line":308,"column":8},"end":{"line":308,"column":8}},{"start":{"line":308,"column":8},"end":{"line":308,"column":8}}]},"26":{"line":315,"type":"if","locations":[{"start":{"line":315,"column":8},"end":{"line":315,"column":8}},{"start":{"line":315,"column":8},"end":{"line":315,"column":8}}]},"27":{"line":328,"type":"if","locations":[{"start":{"line":328,"column":55},"end":{"line":328,"column":55}},{"start":{"line":328,"column":55},"end":{"line":328,"column":55}}]},"28":{"line":333,"type":"if","locations":[{"start":{"line":333,"column":8},"end":{"line":333,"column":8}},{"start":{"line":333,"column":8},"end":{"line":333,"column":8}}]},"29":{"line":337,"type":"if","locations":[{"start":{"line":337,"column":8},"end":{"line":337,"column":8}},{"start":{"line":337,"column":8},"end":{"line":337,"column":8}}]},"30":{"line":341,"type":"if","locations":[{"start":{"line":341,"column":8},"end":{"line":341,"column":8}},{"start":{"line":341,"column":8},"end":{"line":341,"column":8}}]},"31":{"line":346,"type":"if","locations":[{"start":{"line":346,"column":8},"end":{"line":346,"column":8}},{"start":{"line":346,"column":8},"end":{"line":346,"column":8}}]},"32":{"line":411,"type":"if","locations":[{"start":{"line":411,"column":53},"end":{"line":411,"column":53}},{"start":{"line":411,"column":53},"end":{"line":411,"column":53}}]},"33":{"line":412,"type":"if","locations":[{"start":{"line":412,"column":8},"end":{"line":412,"column":8}},{"start":{"line":412,"column":8},"end":{"line":412,"column":8}}]},"34":{"line":416,"type":"if","locations":[{"start":{"line":416,"column":8},"end":{"line":416,"column":8}},{"start":{"line":416,"column":8},"end":{"line":416,"column":8}}]},"35":{"line":420,"type":"if","locations":[{"start":{"line":420,"column":8},"end":{"line":420,"column":8}},{"start":{"line":420,"column":8},"end":{"line":420,"column":8}}]},"36":{"line":424,"type":"if","locations":[{"start":{"line":424,"column":8},"end":{"line":424,"column":8}},{"start":{"line":424,"column":8},"end":{"line":424,"column":8}}]},"37":{"line":437,"type":"if","locations":[{"start":{"line":437,"column":8},"end":{"line":437,"column":8}},{"start":{"line":437,"column":8},"end":{"line":437,"column":8}}]},"38":{"line":450,"type":"if","locations":[{"start":{"line":450,"column":66},"end":{"line":450,"column":66}},{"start":{"line":450,"column":66},"end":{"line":450,"column":66}}]},"39":{"line":452,"type":"if","locations":[{"start":{"line":452,"column":8},"end":{"line":452,"column":8}},{"start":{"line":452,"column":8},"end":{"line":452,"column":8}}]},"40":{"line":453,"type":"if","locations":[{"start":{"line":453,"column":8},"end":{"line":453,"column":8}},{"start":{"line":453,"column":8},"end":{"line":453,"column":8}}]}}},"contracts/V2/ZothTestLPMultiFreq.sol":{"l":{"77":0,"78":0,"79":0,"80":0,"81":0,"88":0,"89":0,"93":0,"97":0,"120":0,"121":0,"122":0,"123":0,"124":0,"125":0,"126":0,"127":0,"144":0,"148":0,"152":0,"156":0,"161":0,"163":0,"167":0,"170":0,"171":0,"174":0,"175":0,"177":0,"178":0,"180":0,"181":0,"182":0,"184":0,"186":0,"192":0,"198":0,"204":0,"210":0,"216":0,"222":0,"223":0,"224":0,"226":0,"242":0,"243":0,"244":0,"246":0,"248":0,"249":0,"250":0,"252":0,"255":0,"257":0,"259":0,"261":0,"266":0,"267":0,"269":0,"270":0,"271":0,"273":0,"276":0,"277":0,"283":0,"284":0,"285":0,"287":0,"288":0,"290":0,"292":0,"293":0,"294":0,"295":0,"296":0,"297":0,"298":0,"299":0,"301":0,"312":0,"325":0,"327":0,"332":0,"337":0,"338":0,"339":0,"344":0,"347":0,"348":0,"352":0,"360":0,"371":0,"375":0,"379":0,"383":0,"389":0,"393":0,"394":0,"395":0,"397":0,"411":0,"412":0,"413":0},"path":"/Users/nikku.jr.dev/Desktop/contracts/contracts/V2/ZothTestLPMultiFreq.sol","s":{"1":0,"2":0,"3":0,"4":0,"5":0,"6":0,"7":0,"8":0,"9":0,"10":0,"11":0,"12":0,"13":0,"14":0,"15":0,"16":0,"17":0,"18":0,"19":0,"20":0,"21":0,"22":0,"23":0,"24":0,"25":0,"26":0,"27":0,"28":0,"29":0,"30":0,"31":0,"32":0,"33":0,"34":0,"35":0,"36":0,"37":0,"38":0,"39":0,"40":0,"41":0,"42":0,"43":0,"44":0,"45":0,"46":0,"47":0,"48":0,"49":0,"50":0,"51":0,"52":0,"53":0,"54":0,"55":0,"56":0,"57":0,"58":0,"59":0,"60":0,"61":0,"62":0,"63":0,"64":0},"b":{"1":[0,0],"2":[0,0],"3":[0,0],"4":[0,0],"5":[0,0],"6":[0,0],"7":[0,0],"8":[0,0],"9":[0,0],"10":[0,0],"11":[0,0],"12":[0,0],"13":[0,0],"14":[0,0],"15":[0,0],"16":[0,0],"17":[0,0],"18":[0,0],"19":[0,0],"20":[0,0],"21":[0,0],"22":[0,0],"23":[0,0],"24":[0,0],"25":[0,0],"26":[0,0],"27":[0,0],"28":[0,0],"29":[0,0],"30":[0,0],"31":[0,0],"32":[0,0],"33":[0,0],"34":[0,0],"35":[0,0],"36":[0,0],"37":[0,0]},"f":{"1":0,"2":0,"3":0,"4":0,"5":0,"6":0,"7":0,"8":0,"9":0,"10":0,"11":0,"12":0},"fnMap":{"1":{"name":"constructor","line":76,"loc":{"start":{"line":72,"column":4},"end":{"line":82,"column":4}}},"2":{"name":"onlyOwners","line":87,"loc":{"start":{"line":87,"column":4},"end":{"line":90,"column":4}}},"3":{"name":"onlyWhitelisted","line":92,"loc":{"start":{"line":92,"column":4},"end":{"line":98,"column":4}}},"4":{"name":"setContractVariables","line":119,"loc":{"start":{"line":110,"column":4},"end":{"line":128,"column":4}}},"5":{"name":"deposit","line":143,"loc":{"start":{"line":140,"column":4},"end":{"line":217,"column":4}}},"6":{"name":"_inCooldown","line":221,"loc":{"start":{"line":219,"column":4},"end":{"line":228,"column":4}}},"7":{"name":"yieldClaimDetails","line":241,"loc":{"start":{"line":239,"column":4},"end":{"line":302,"column":4}}},"8":{"name":"_getCyclesClaimed","line":309,"loc":{"start":{"line":309,"column":4},"end":{"line":313,"column":4}}},"9":{"name":"yieldClaim","line":324,"loc":{"start":{"line":324,"column":4},"end":{"line":354,"column":4}}},"10":{"name":"getportfoliobalance","line":359,"loc":{"start":{"line":359,"column":4},"end":{"line":361,"column":4}}},"11":{"name":"withdraw","line":370,"loc":{"start":{"line":370,"column":4},"end":{"line":401,"column":4}}},"12":{"name":"_transfer","line":410,"loc":{"start":{"line":410,"column":4},"end":{"line":414,"column":4}}}},"statementMap":{"1":{"start":{"line":79,"column":8},"end":{"line":79,"column":26}},"2":{"start":{"line":88,"column":8},"end":{"line":88,"column":67}},"3":{"start":{"line":93,"column":8},"end":{"line":93,"column":3092}},"4":{"start":{"line":144,"column":8},"end":{"line":144,"column":4638}},"5":{"start":{"line":148,"column":8},"end":{"line":148,"column":4869}},"6":{"start":{"line":152,"column":8},"end":{"line":152,"column":5041}},"7":{"start":{"line":156,"column":8},"end":{"line":156,"column":5261}},"8":{"start":{"line":161,"column":8},"end":{"line":161,"column":50}},"9":{"start":{"line":163,"column":8},"end":{"line":163,"column":5554}},"10":{"start":{"line":167,"column":8},"end":{"line":167,"column":51}},"11":{"start":{"line":180,"column":8},"end":{"line":180,"column":28}},"12":{"start":{"line":181,"column":8},"end":{"line":181,"column":48}},"13":{"start":{"line":182,"column":8},"end":{"line":182,"column":36}},"14":{"start":{"line":184,"column":8},"end":{"line":184,"column":6252}},"15":{"start":{"line":186,"column":12},"end":{"line":186,"column":6328}},"16":{"start":{"line":190,"column":15},"end":{"line":190,"column":6514}},"17":{"start":{"line":192,"column":12},"end":{"line":192,"column":6626}},"18":{"start":{"line":196,"column":15},"end":{"line":196,"column":6812}},"19":{"start":{"line":198,"column":12},"end":{"line":198,"column":6923}},"20":{"start":{"line":202,"column":15},"end":{"line":202,"column":7109}},"21":{"start":{"line":204,"column":12},"end":{"line":204,"column":7223}},"22":{"start":{"line":210,"column":12},"end":{"line":210,"column":7447}},"23":{"start":{"line":216,"column":8},"end":{"line":216,"column":25}},"24":{"start":{"line":222,"column":8},"end":{"line":222,"column":74}},"25":{"start":{"line":223,"column":8},"end":{"line":223,"column":7855}},"26":{"start":{"line":224,"column":12},"end":{"line":224,"column":23}},"27":{"start":{"line":226,"column":12},"end":{"line":226,"column":24}},"28":{"start":{"line":242,"column":8},"end":{"line":242,"column":74}},"29":{"start":{"line":243,"column":8},"end":{"line":243,"column":70}},"30":{"start":{"line":244,"column":8},"end":{"line":244,"column":71}},"31":{"start":{"line":246,"column":8},"end":{"line":246,"column":76}},"32":{"start":{"line":248,"column":8},"end":{"line":248,"column":62}},"33":{"start":{"line":249,"column":8},"end":{"line":249,"column":69}},"34":{"start":{"line":250,"column":8},"end":{"line":250,"column":58}},"35":{"start":{"line":252,"column":8},"end":{"line":252,"column":8906}},"36":{"start":{"line":255,"column":8},"end":{"line":255,"column":90}},"37":{"start":{"line":257,"column":8},"end":{"line":257,"column":33}},"38":{"start":{"line":259,"column":8},"end":{"line":259,"column":66}},"39":{"start":{"line":261,"column":8},"end":{"line":261,"column":36}},"40":{"start":{"line":266,"column":8},"end":{"line":266,"column":9519}},"41":{"start":{"line":267,"column":12},"end":{"line":267,"column":9596}},"42":{"start":{"line":270,"column":12},"end":{"line":270,"column":9731}},"43":{"start":{"line":276,"column":8},"end":{"line":276,"column":26}},"44":{"start":{"line":277,"column":8},"end":{"line":277,"column":27}},"45":{"start":{"line":283,"column":8},"end":{"line":283,"column":10270}},"46":{"start":{"line":290,"column":8},"end":{"line":290,"column":52}},"47":{"start":{"line":301,"column":8},"end":{"line":301,"column":28}},"48":{"start":{"line":312,"column":8},"end":{"line":312,"column":56}},"49":{"start":{"line":325,"column":8},"end":{"line":325,"column":72}},"50":{"start":{"line":327,"column":8},"end":{"line":327,"column":11751}},"51":{"start":{"line":332,"column":8},"end":{"line":332,"column":11960}},"52":{"start":{"line":337,"column":8},"end":{"line":337,"column":70}},"53":{"start":{"line":339,"column":8},"end":{"line":339,"column":12293}},"54":{"start":{"line":347,"column":8},"end":{"line":347,"column":12617}},"55":{"start":{"line":360,"column":8},"end":{"line":360,"column":43}},"56":{"start":{"line":371,"column":8},"end":{"line":371,"column":13435}},"57":{"start":{"line":375,"column":8},"end":{"line":375,"column":13617}},"58":{"start":{"line":379,"column":8},"end":{"line":379,"column":13792}},"59":{"start":{"line":383,"column":8},"end":{"line":383,"column":13971}},"60":{"start":{"line":389,"column":8},"end":{"line":389,"column":14186}},"61":{"start":{"line":397,"column":8},"end":{"line":397,"column":14468}},"62":{"start":{"line":411,"column":8},"end":{"line":411,"column":63}},"63":{"start":{"line":412,"column":8},"end":{"line":412,"column":66}},"64":{"start":{"line":413,"column":8},"end":{"line":413,"column":85}}},"branchMap":{"1":{"line":88,"type":"if","locations":[{"start":{"line":88,"column":8},"end":{"line":88,"column":8}},{"start":{"line":88,"column":8},"end":{"line":88,"column":8}}]},"2":{"line":93,"type":"if","locations":[{"start":{"line":93,"column":8},"end":{"line":93,"column":8}},{"start":{"line":93,"column":8},"end":{"line":93,"column":8}}]},"3":{"line":119,"type":"if","locations":[{"start":{"line":119,"column":15},"end":{"line":119,"column":15}},{"start":{"line":119,"column":15},"end":{"line":119,"column":15}}]},"4":{"line":143,"type":"if","locations":[{"start":{"line":143,"column":13},"end":{"line":143,"column":13}},{"start":{"line":143,"column":13},"end":{"line":143,"column":13}}]},"5":{"line":143,"type":"if","locations":[{"start":{"line":143,"column":29},"end":{"line":143,"column":29}},{"start":{"line":143,"column":29},"end":{"line":143,"column":29}}]},"6":{"line":144,"type":"if","locations":[{"start":{"line":144,"column":8},"end":{"line":144,"column":8}},{"start":{"line":144,"column":8},"end":{"line":144,"column":8}}]},"7":{"line":145,"type":"cond-expr","locations":[{"start":{"line":145,"column":12},"end":{"line":145,"column":29}},{"start":{"line":145,"column":34},"end":{"line":145,"column":51}}]},"8":{"line":145,"type":"cond-expr","locations":[{"start":{"line":145,"column":12},"end":{"line":145,"column":51}},{"start":{"line":145,"column":56},"end":{"line":145,"column":73}}]},"9":{"line":148,"type":"if","locations":[{"start":{"line":148,"column":8},"end":{"line":148,"column":8}},{"start":{"line":148,"column":8},"end":{"line":148,"column":8}}]},"10":{"line":152,"type":"if","locations":[{"start":{"line":152,"column":8},"end":{"line":152,"column":8}},{"start":{"line":152,"column":8},"end":{"line":152,"column":8}}]},"11":{"line":156,"type":"if","locations":[{"start":{"line":156,"column":8},"end":{"line":156,"column":8}},{"start":{"line":156,"column":8},"end":{"line":156,"column":8}}]},"12":{"line":164,"type":"if","locations":[{"start":{"line":164,"column":14},"end":{"line":164,"column":20}},{"start":{"line":165,"column":14},"end":{"line":165,"column":55}}]},"13":{"line":184,"type":"if","locations":[{"start":{"line":184,"column":8},"end":{"line":184,"column":8}},{"start":{"line":184,"column":8},"end":{"line":184,"column":8}}]},"14":{"line":190,"type":"if","locations":[{"start":{"line":190,"column":15},"end":{"line":190,"column":15}},{"start":{"line":190,"column":15},"end":{"line":190,"column":15}}]},"15":{"line":196,"type":"if","locations":[{"start":{"line":196,"column":15},"end":{"line":196,"column":15}},{"start":{"line":196,"column":15},"end":{"line":196,"column":15}}]},"16":{"line":202,"type":"if","locations":[{"start":{"line":202,"column":15},"end":{"line":202,"column":15}},{"start":{"line":202,"column":15},"end":{"line":202,"column":15}}]},"17":{"line":221,"type":"if","locations":[{"start":{"line":221,"column":18},"end":{"line":221,"column":18}},{"start":{"line":221,"column":18},"end":{"line":221,"column":18}}]},"18":{"line":223,"type":"if","locations":[{"start":{"line":223,"column":8},"end":{"line":223,"column":8}},{"start":{"line":223,"column":8},"end":{"line":223,"column":8}}]},"19":{"line":241,"type":"if","locations":[{"start":{"line":241,"column":18},"end":{"line":241,"column":18}},{"start":{"line":241,"column":18},"end":{"line":241,"column":18}}]},"20":{"line":246,"type":"if","locations":[{"start":{"line":246,"column":8},"end":{"line":246,"column":8}},{"start":{"line":246,"column":8},"end":{"line":246,"column":8}}]},"21":{"line":266,"type":"if","locations":[{"start":{"line":266,"column":8},"end":{"line":266,"column":8}},{"start":{"line":266,"column":8},"end":{"line":266,"column":8}}]},"22":{"line":270,"type":"if","locations":[{"start":{"line":270,"column":12},"end":{"line":270,"column":12}},{"start":{"line":270,"column":12},"end":{"line":270,"column":12}}]},"23":{"line":283,"type":"if","locations":[{"start":{"line":283,"column":8},"end":{"line":283,"column":8}},{"start":{"line":283,"column":8},"end":{"line":283,"column":8}}]},"24":{"line":324,"type":"if","locations":[{"start":{"line":324,"column":55},"end":{"line":324,"column":55}},{"start":{"line":324,"column":55},"end":{"line":324,"column":55}}]},"25":{"line":327,"type":"if","locations":[{"start":{"line":327,"column":8},"end":{"line":327,"column":8}},{"start":{"line":327,"column":8},"end":{"line":327,"column":8}}]},"26":{"line":332,"type":"if","locations":[{"start":{"line":332,"column":8},"end":{"line":332,"column":8}},{"start":{"line":332,"column":8},"end":{"line":332,"column":8}}]},"27":{"line":339,"type":"if","locations":[{"start":{"line":339,"column":8},"end":{"line":339,"column":8}},{"start":{"line":339,"column":8},"end":{"line":339,"column":8}}]},"28":{"line":347,"type":"if","locations":[{"start":{"line":347,"column":8},"end":{"line":347,"column":8}},{"start":{"line":347,"column":8},"end":{"line":347,"column":8}}]},"29":{"line":370,"type":"if","locations":[{"start":{"line":370,"column":53},"end":{"line":370,"column":53}},{"start":{"line":370,"column":53},"end":{"line":370,"column":53}}]},"30":{"line":371,"type":"if","locations":[{"start":{"line":371,"column":8},"end":{"line":371,"column":8}},{"start":{"line":371,"column":8},"end":{"line":371,"column":8}}]},"31":{"line":375,"type":"if","locations":[{"start":{"line":375,"column":8},"end":{"line":375,"column":8}},{"start":{"line":375,"column":8},"end":{"line":375,"column":8}}]},"32":{"line":379,"type":"if","locations":[{"start":{"line":379,"column":8},"end":{"line":379,"column":8}},{"start":{"line":379,"column":8},"end":{"line":379,"column":8}}]},"33":{"line":383,"type":"if","locations":[{"start":{"line":383,"column":8},"end":{"line":383,"column":8}},{"start":{"line":383,"column":8},"end":{"line":383,"column":8}}]},"34":{"line":397,"type":"if","locations":[{"start":{"line":397,"column":8},"end":{"line":397,"column":8}},{"start":{"line":397,"column":8},"end":{"line":397,"column":8}}]},"35":{"line":410,"type":"if","locations":[{"start":{"line":410,"column":66},"end":{"line":410,"column":66}},{"start":{"line":410,"column":66},"end":{"line":410,"column":66}}]},"36":{"line":412,"type":"if","locations":[{"start":{"line":412,"column":8},"end":{"line":412,"column":8}},{"start":{"line":412,"column":8},"end":{"line":412,"column":8}}]},"37":{"line":413,"type":"if","locations":[{"start":{"line":413,"column":8},"end":{"line":413,"column":8}},{"start":{"line":413,"column":8},"end":{"line":413,"column":8}}]}}},"contracts/V3/ZothPool.sol":{"l":{"87":0,"88":0,"89":0,"90":0,"91":0,"92":0,"93":0,"94":0,"108":0,"109":0,"113":0,"117":0,"121":0,"126":0,"135":0,"136":0,"137":0,"138":0,"141":0,"143":0,"144":0,"153":0,"154":0,"155":0,"156":0,"164":0,"165":0,"166":0,"167":0,"168":0,"169":0,"174":0,"176":0,"181":0,"183":0,"184":0,"186":0,"191":0,"200":0,"213":0,"214":0,"217":0,"220":0,"221":0,"222":0,"223":0,"224":0,"225":0,"231":0,"232":0,"236":0,"237":0,"238":0,"239":0,"241":0,"243":0,"252":0,"260":0,"261":0,"262":0,"263":0,"268":0,"270":0,"272":0,"273":0,"274":0,"276":0,"278":0,"283":0,"292":0,"300":0,"301":0,"304":0,"305":0,"306":0,"307":0,"309":0,"323":0,"324":0,"326":0,"327":0,"334":0,"344":0,"345":0,"346":0,"347":0,"348":0,"349":0,"350":0,"351":0,"354":0,"369":0,"370":0,"372":0,"377":0,"389":0,"390":0,"391":0,"392":0,"393":0,"394":0,"397":0,"398":0,"401":0,"409":0,"410":0,"411":0,"413":0,"414":0,"417":0,"418":0,"421":0,"422":0,"423":0,"437":0,"447":0,"448":0,"450":0,"453":0,"455":0,"461":0,"467":0,"473":0,"479":0,"485":0,"499":0,"500":0,"501":0,"502":0},"path":"/Users/nikku.jr.dev/Desktop/contracts/contracts/V3/ZothPool.sol","s":{"1":0,"2":0,"3":0,"4":0,"5":0,"6":0,"7":0,"8":0,"9":0,"10":0,"11":0,"12":0,"13":0,"14":0,"15":0,"16":0,"17":0,"18":0,"19":0,"20":0,"21":0,"22":0,"23":0,"24":0,"25":0,"26":0,"27":0,"28":0,"29":0,"30":0,"31":0,"32":0,"33":0,"34":0,"35":0,"36":0,"37":0,"38":0,"39":0,"40":0,"41":0,"42":0,"43":0,"44":0,"45":0,"46":0,"47":0,"48":0,"49":0,"50":0,"51":0,"52":0,"53":0,"54":0,"55":0,"56":0,"57":0,"58":0,"59":0,"60":0,"61":0,"62":0,"63":0,"64":0,"65":0,"66":0,"67":0,"68":0,"69":0,"70":0,"71":0,"72":0,"73":0,"74":0,"75":0,"76":0,"77":0,"78":0,"79":0,"80":0,"81":0,"82":0,"83":0,"84":0,"85":0,"86":0,"87":0,"88":0,"89":0,"90":0,"91":0,"92":0,"93":0},"b":{"1":[0,0],"2":[0,0],"3":[0,0],"4":[0,0],"5":[0,0],"6":[0,0],"7":[0,0],"8":[0,0],"9":[0,0],"10":[0,0],"11":[0,0],"12":[0,0],"13":[0,0],"14":[0,0],"15":[0,0],"16":[0,0],"17":[0,0],"18":[0,0],"19":[0,0],"20":[0,0],"21":[0,0],"22":[0,0],"23":[0,0],"24":[0,0],"25":[0,0],"26":[0,0],"27":[0,0],"28":[0,0],"29":[0,0],"30":[0,0],"31":[0,0],"32":[0,0],"33":[0,0]},"f":{"1":0,"2":0,"3":0,"4":0,"5":0,"6":0,"7":0,"8":0,"9":0,"10":0,"11":0,"12":0,"13":0,"14":0,"15":0},"fnMap":{"1":{"name":"constructor","line":86,"loc":{"start":{"line":76,"column":4},"end":{"line":95,"column":4}}},"2":{"name":"depositByLockingPeriod","line":103,"loc":{"start":{"line":103,"column":4},"end":{"line":157,"column":4}}},"3":{"name":"withdrawUsingDepositId","line":163,"loc":{"start":{"line":163,"column":4},"end":{"line":201,"column":4}}},"4":{"name":"reInvest","line":208,"loc":{"start":{"line":208,"column":4},"end":{"line":253,"column":4}}},"5":{"name":"emergencyWithdraw","line":259,"loc":{"start":{"line":259,"column":4},"end":{"line":293,"column":4}}},"6":{"name":"changeBaseRates","line":299,"loc":{"start":{"line":299,"column":4},"end":{"line":310,"column":4}}},"7":{"name":"setWithdrawRate","line":322,"loc":{"start":{"line":322,"column":4},"end":{"line":328,"column":4}}},"8":{"name":"getBaseApr","line":333,"loc":{"start":{"line":333,"column":4},"end":{"line":335,"column":4}}},"9":{"name":"getActiveDeposits","line":341,"loc":{"start":{"line":341,"column":4},"end":{"line":355,"column":4}}},"10":{"name":"_transfer","line":364,"loc":{"start":{"line":364,"column":4},"end":{"line":381,"column":4}}},"11":{"name":"_activeCount","line":388,"loc":{"start":{"line":388,"column":4},"end":{"line":402,"column":4}}},"12":{"name":"_updateId","line":408,"loc":{"start":{"line":408,"column":4},"end":{"line":424,"column":4}}},"13":{"name":"_calculateFormula","line":432,"loc":{"start":{"line":432,"column":4},"end":{"line":438,"column":4}}},"14":{"name":"_mintNFTAfterDeposit","line":444,"loc":{"start":{"line":444,"column":4},"end":{"line":486,"column":4}}},"15":{"name":"_calculateRewards","line":494,"loc":{"start":{"line":494,"column":4},"end":{"line":503,"column":4}}}},"statementMap":{"1":{"start":{"line":108,"column":8},"end":{"line":108,"column":3271}},"2":{"start":{"line":113,"column":8},"end":{"line":113,"column":3452}},"3":{"start":{"line":117,"column":8},"end":{"line":117,"column":3603}},"4":{"start":{"line":121,"column":8},"end":{"line":121,"column":3732}},"5":{"start":{"line":126,"column":8},"end":{"line":126,"column":3864}},"6":{"start":{"line":135,"column":8},"end":{"line":135,"column":55}},"7":{"start":{"line":136,"column":8},"end":{"line":136,"column":48}},"8":{"start":{"line":141,"column":8},"end":{"line":141,"column":34}},"9":{"start":{"line":143,"column":8},"end":{"line":143,"column":61}},"10":{"start":{"line":153,"column":8},"end":{"line":153,"column":75}},"11":{"start":{"line":164,"column":8},"end":{"line":164,"column":69}},"12":{"start":{"line":165,"column":8},"end":{"line":165,"column":52}},"13":{"start":{"line":166,"column":8},"end":{"line":166,"column":52}},"14":{"start":{"line":167,"column":8},"end":{"line":167,"column":52}},"15":{"start":{"line":168,"column":8},"end":{"line":168,"column":69}},"16":{"start":{"line":169,"column":8},"end":{"line":169,"column":5288}},"17":{"start":{"line":174,"column":8},"end":{"line":174,"column":47}},"18":{"start":{"line":176,"column":8},"end":{"line":176,"column":5467}},"19":{"start":{"line":181,"column":8},"end":{"line":181,"column":61}},"20":{"start":{"line":184,"column":8},"end":{"line":184,"column":28}},"21":{"start":{"line":186,"column":8},"end":{"line":186,"column":5739}},"22":{"start":{"line":191,"column":8},"end":{"line":191,"column":5859}},"23":{"start":{"line":200,"column":8},"end":{"line":200,"column":63}},"24":{"start":{"line":213,"column":8},"end":{"line":213,"column":6449}},"25":{"start":{"line":217,"column":8},"end":{"line":217,"column":6597}},"26":{"start":{"line":220,"column":8},"end":{"line":220,"column":52}},"27":{"start":{"line":221,"column":8},"end":{"line":221,"column":52}},"28":{"start":{"line":222,"column":8},"end":{"line":222,"column":52}},"29":{"start":{"line":223,"column":8},"end":{"line":223,"column":69}},"30":{"start":{"line":224,"column":8},"end":{"line":224,"column":75}},"31":{"start":{"line":225,"column":8},"end":{"line":225,"column":7014}},"32":{"start":{"line":231,"column":8},"end":{"line":231,"column":63}},"33":{"start":{"line":232,"column":8},"end":{"line":232,"column":7218}},"34":{"start":{"line":241,"column":8},"end":{"line":241,"column":77}},"35":{"start":{"line":243,"column":8},"end":{"line":243,"column":7644}},"36":{"start":{"line":252,"column":8},"end":{"line":252,"column":71}},"37":{"start":{"line":260,"column":8},"end":{"line":260,"column":69}},"38":{"start":{"line":261,"column":8},"end":{"line":261,"column":52}},"39":{"start":{"line":262,"column":8},"end":{"line":262,"column":72}},"40":{"start":{"line":263,"column":8},"end":{"line":263,"column":8355}},"41":{"start":{"line":268,"column":8},"end":{"line":268,"column":73}},"42":{"start":{"line":270,"column":8},"end":{"line":270,"column":52}},"43":{"start":{"line":272,"column":8},"end":{"line":272,"column":78}},"44":{"start":{"line":273,"column":8},"end":{"line":273,"column":60}},"45":{"start":{"line":276,"column":8},"end":{"line":276,"column":28}},"46":{"start":{"line":278,"column":8},"end":{"line":278,"column":8883}},"47":{"start":{"line":283,"column":8},"end":{"line":283,"column":9003}},"48":{"start":{"line":292,"column":8},"end":{"line":292,"column":72}},"49":{"start":{"line":300,"column":8},"end":{"line":300,"column":9554}},"50":{"start":{"line":304,"column":8},"end":{"line":304,"column":61}},"51":{"start":{"line":305,"column":8},"end":{"line":305,"column":44}},"52":{"start":{"line":323,"column":8},"end":{"line":323,"column":10336}},"53":{"start":{"line":326,"column":8},"end":{"line":326,"column":67}},"54":{"start":{"line":334,"column":8},"end":{"line":334,"column":54}},"55":{"start":{"line":344,"column":8},"end":{"line":344,"column":51}},"56":{"start":{"line":345,"column":8},"end":{"line":345,"column":46}},"57":{"start":{"line":346,"column":8},"end":{"line":346,"column":17}},"58":{"start":{"line":347,"column":8},"end":{"line":347,"column":64}},"59":{"start":{"line":348,"column":8},"end":{"line":348,"column":11174}},"60":{"start":{"line":349,"column":12},"end":{"line":349,"column":75}},"61":{"start":{"line":354,"column":8},"end":{"line":354,"column":29}},"62":{"start":{"line":369,"column":8},"end":{"line":369,"column":11760}},"63":{"start":{"line":372,"column":8},"end":{"line":372,"column":11906}},"64":{"start":{"line":377,"column":8},"end":{"line":377,"column":12067}},"65":{"start":{"line":389,"column":8},"end":{"line":389,"column":21}},"66":{"start":{"line":390,"column":8},"end":{"line":390,"column":52}},"67":{"start":{"line":391,"column":8},"end":{"line":391,"column":12552}},"68":{"start":{"line":392,"column":12},"end":{"line":392,"column":12635}},"69":{"start":{"line":401,"column":8},"end":{"line":401,"column":20}},"70":{"start":{"line":409,"column":8},"end":{"line":409,"column":52}},"71":{"start":{"line":410,"column":8},"end":{"line":410,"column":42}},"72":{"start":{"line":411,"column":8},"end":{"line":411,"column":42}},"73":{"start":{"line":413,"column":8},"end":{"line":413,"column":13205}},"74":{"start":{"line":417,"column":8},"end":{"line":417,"column":13309}},"75":{"start":{"line":421,"column":8},"end":{"line":421,"column":48}},"76":{"start":{"line":437,"column":8},"end":{"line":437,"column":60}},"77":{"start":{"line":447,"column":8},"end":{"line":447,"column":28}},"78":{"start":{"line":448,"column":8},"end":{"line":448,"column":48}},"79":{"start":{"line":450,"column":8},"end":{"line":450,"column":36}},"80":{"start":{"line":453,"column":8},"end":{"line":453,"column":14466}},"81":{"start":{"line":455,"column":12},"end":{"line":455,"column":14537}},"82":{"start":{"line":459,"column":15},"end":{"line":459,"column":14669}},"83":{"start":{"line":461,"column":12},"end":{"line":461,"column":14771}},"84":{"start":{"line":465,"column":15},"end":{"line":465,"column":14904}},"85":{"start":{"line":467,"column":12},"end":{"line":467,"column":15005}},"86":{"start":{"line":471,"column":15},"end":{"line":471,"column":15137}},"87":{"start":{"line":473,"column":12},"end":{"line":473,"column":15241}},"88":{"start":{"line":479,"column":12},"end":{"line":479,"column":15413}},"89":{"start":{"line":485,"column":8},"end":{"line":485,"column":25}},"90":{"start":{"line":499,"column":8},"end":{"line":499,"column":67}},"91":{"start":{"line":500,"column":8},"end":{"line":500,"column":43}},"92":{"start":{"line":501,"column":8},"end":{"line":501,"column":61}},"93":{"start":{"line":502,"column":8},"end":{"line":502,"column":71}}},"branchMap":{"1":{"line":108,"type":"if","locations":[{"start":{"line":108,"column":8},"end":{"line":108,"column":8}},{"start":{"line":108,"column":8},"end":{"line":108,"column":8}}]},"2":{"line":113,"type":"if","locations":[{"start":{"line":113,"column":8},"end":{"line":113,"column":8}},{"start":{"line":113,"column":8},"end":{"line":113,"column":8}}]},"3":{"line":117,"type":"if","locations":[{"start":{"line":117,"column":8},"end":{"line":117,"column":8}},{"start":{"line":117,"column":8},"end":{"line":117,"column":8}}]},"4":{"line":121,"type":"if","locations":[{"start":{"line":121,"column":8},"end":{"line":121,"column":8}},{"start":{"line":121,"column":8},"end":{"line":121,"column":8}}]},"5":{"line":126,"type":"if","locations":[{"start":{"line":126,"column":8},"end":{"line":126,"column":8}},{"start":{"line":126,"column":8},"end":{"line":126,"column":8}}]},"6":{"line":168,"type":"if","locations":[{"start":{"line":168,"column":8},"end":{"line":168,"column":8}},{"start":{"line":168,"column":8},"end":{"line":168,"column":8}}]},"7":{"line":169,"type":"if","locations":[{"start":{"line":169,"column":8},"end":{"line":169,"column":8}},{"start":{"line":169,"column":8},"end":{"line":169,"column":8}}]},"8":{"line":174,"type":"if","locations":[{"start":{"line":174,"column":8},"end":{"line":174,"column":8}},{"start":{"line":174,"column":8},"end":{"line":174,"column":8}}]},"9":{"line":191,"type":"if","locations":[{"start":{"line":191,"column":8},"end":{"line":191,"column":8}},{"start":{"line":191,"column":8},"end":{"line":191,"column":8}}]},"10":{"line":213,"type":"if","locations":[{"start":{"line":213,"column":8},"end":{"line":213,"column":8}},{"start":{"line":213,"column":8},"end":{"line":213,"column":8}}]},"11":{"line":223,"type":"if","locations":[{"start":{"line":223,"column":8},"end":{"line":223,"column":8}},{"start":{"line":223,"column":8},"end":{"line":223,"column":8}}]},"12":{"line":224,"type":"if","locations":[{"start":{"line":224,"column":8},"end":{"line":224,"column":8}},{"start":{"line":224,"column":8},"end":{"line":224,"column":8}}]},"13":{"line":232,"type":"if","locations":[{"start":{"line":232,"column":8},"end":{"line":232,"column":8}},{"start":{"line":232,"column":8},"end":{"line":232,"column":8}}]},"14":{"line":243,"type":"if","locations":[{"start":{"line":243,"column":8},"end":{"line":243,"column":8}},{"start":{"line":243,"column":8},"end":{"line":243,"column":8}}]},"15":{"line":262,"type":"if","locations":[{"start":{"line":262,"column":8},"end":{"line":262,"column":8}},{"start":{"line":262,"column":8},"end":{"line":262,"column":8}}]},"16":{"line":263,"type":"if","locations":[{"start":{"line":263,"column":8},"end":{"line":263,"column":8}},{"start":{"line":263,"column":8},"end":{"line":263,"column":8}}]},"17":{"line":268,"type":"if","locations":[{"start":{"line":268,"column":8},"end":{"line":268,"column":8}},{"start":{"line":268,"column":8},"end":{"line":268,"column":8}}]},"18":{"line":283,"type":"if","locations":[{"start":{"line":283,"column":8},"end":{"line":283,"column":8}},{"start":{"line":283,"column":8},"end":{"line":283,"column":8}}]},"19":{"line":300,"type":"if","locations":[{"start":{"line":300,"column":8},"end":{"line":300,"column":8}},{"start":{"line":300,"column":8},"end":{"line":300,"column":8}}]},"20":{"line":304,"type":"if","locations":[{"start":{"line":304,"column":8},"end":{"line":304,"column":8}},{"start":{"line":304,"column":8},"end":{"line":304,"column":8}}]},"21":{"line":323,"type":"if","locations":[{"start":{"line":323,"column":8},"end":{"line":323,"column":8}},{"start":{"line":323,"column":8},"end":{"line":323,"column":8}}]},"22":{"line":326,"type":"if","locations":[{"start":{"line":326,"column":8},"end":{"line":326,"column":8}},{"start":{"line":326,"column":8},"end":{"line":326,"column":8}}]},"23":{"line":349,"type":"if","locations":[{"start":{"line":349,"column":12},"end":{"line":349,"column":12}},{"start":{"line":349,"column":12},"end":{"line":349,"column":12}}]},"24":{"line":369,"type":"if","locations":[{"start":{"line":369,"column":8},"end":{"line":369,"column":8}},{"start":{"line":369,"column":8},"end":{"line":369,"column":8}}]},"25":{"line":372,"type":"if","locations":[{"start":{"line":372,"column":8},"end":{"line":372,"column":8}},{"start":{"line":372,"column":8},"end":{"line":372,"column":8}}]},"26":{"line":377,"type":"if","locations":[{"start":{"line":377,"column":8},"end":{"line":377,"column":8}},{"start":{"line":377,"column":8},"end":{"line":377,"column":8}}]},"27":{"line":392,"type":"if","locations":[{"start":{"line":392,"column":12},"end":{"line":392,"column":12}},{"start":{"line":392,"column":12},"end":{"line":392,"column":12}}]},"28":{"line":421,"type":"if","locations":[{"start":{"line":421,"column":41},"end":{"line":421,"column":41}},{"start":{"line":421,"column":45},"end":{"line":421,"column":47}}]},"29":{"line":422,"type":"if","locations":[{"start":{"line":422,"column":42},"end":{"line":422,"column":42}},{"start":{"line":422,"column":46},"end":{"line":422,"column":50}}]},"30":{"line":453,"type":"if","locations":[{"start":{"line":453,"column":8},"end":{"line":453,"column":8}},{"start":{"line":453,"column":8},"end":{"line":453,"column":8}}]},"31":{"line":459,"type":"if","locations":[{"start":{"line":459,"column":15},"end":{"line":459,"column":15}},{"start":{"line":459,"column":15},"end":{"line":459,"column":15}}]},"32":{"line":465,"type":"if","locations":[{"start":{"line":465,"column":15},"end":{"line":465,"column":15}},{"start":{"line":465,"column":15},"end":{"line":465,"column":15}}]},"33":{"line":471,"type":"if","locations":[{"start":{"line":471,"column":15},"end":{"line":471,"column":15}},{"start":{"line":471,"column":15},"end":{"line":471,"column":15}}]}}}}