{"contracts/IERC20.sol":{"l":{},"path":"/Users/family/Desktop/Zoth/zoth_contracts/contracts/IERC20.sol","s":{},"b":{},"f":{},"fnMap":{},"statementMap":{},"branchMap":{}},"contracts/ReentrancyGuard.sol":{"l":{"45":2,"56":14,"57":14,"58":8,"63":14,"64":0,"68":14,"74":8,"82":0},"path":"/Users/family/Desktop/Zoth/zoth_contracts/contracts/ReentrancyGuard.sol","s":{"1":14,"2":8,"3":14,"4":0},"b":{"1":[0,14]},"f":{"1":2,"2":14,"3":14,"4":8,"5":0},"fnMap":{"1":{"name":"constructor","line":44,"loc":{"start":{"line":44,"column":4},"end":{"line":46,"column":4}}},"2":{"name":"nonReentrant","line":55,"loc":{"start":{"line":55,"column":4},"end":{"line":59,"column":4}}},"3":{"name":"_nonReentrantBefore","line":61,"loc":{"start":{"line":61,"column":4},"end":{"line":69,"column":4}}},"4":{"name":"_nonReentrantAfter","line":71,"loc":{"start":{"line":71,"column":4},"end":{"line":75,"column":4}}},"5":{"name":"_reentrancyGuardEntered","line":81,"loc":{"start":{"line":81,"column":4},"end":{"line":83,"column":4}}}},"statementMap":{"1":{"start":{"line":56,"column":8},"end":{"line":56,"column":28}},"2":{"start":{"line":58,"column":8},"end":{"line":58,"column":27}},"3":{"start":{"line":63,"column":8},"end":{"line":63,"column":2569}},"4":{"start":{"line":82,"column":8},"end":{"line":82,"column":34}}},"branchMap":{"1":{"line":63,"type":"if","locations":[{"start":{"line":63,"column":8},"end":{"line":63,"column":8}},{"start":{"line":63,"column":8},"end":{"line":63,"column":8}}]}}},"contracts/Roles.sol":{"l":{"18":26,"19":26,"21":26,"28":2,"29":2,"31":2,"42":92,"43":92},"path":"/Users/family/Desktop/Zoth/zoth_contracts/contracts/Roles.sol","s":{"1":26,"2":26,"3":2,"4":2,"5":92,"6":92},"b":{"1":[26,0],"2":[26,0],"3":[2,0],"4":[2,0],"5":[92,0]},"f":{"1":26,"2":2,"3":92},"fnMap":{"1":{"name":"add","line":17,"loc":{"start":{"line":17,"column":4},"end":{"line":22,"column":4}}},"2":{"name":"remove","line":27,"loc":{"start":{"line":27,"column":4},"end":{"line":32,"column":4}}},"3":{"name":"has","line":38,"loc":{"start":{"line":38,"column":4},"end":{"line":44,"column":4}}}},"statementMap":{"1":{"start":{"line":18,"column":8},"end":{"line":18,"column":37}},"2":{"start":{"line":19,"column":8},"end":{"line":19,"column":35}},"3":{"start":{"line":28,"column":8},"end":{"line":28,"column":37}},"4":{"start":{"line":29,"column":8},"end":{"line":29,"column":34}},"5":{"start":{"line":42,"column":8},"end":{"line":42,"column":37}},"6":{"start":{"line":43,"column":8},"end":{"line":43,"column":35}}},"branchMap":{"1":{"line":18,"type":"if","locations":[{"start":{"line":18,"column":8},"end":{"line":18,"column":8}},{"start":{"line":18,"column":8},"end":{"line":18,"column":8}}]},"2":{"line":19,"type":"if","locations":[{"start":{"line":19,"column":8},"end":{"line":19,"column":8}},{"start":{"line":19,"column":8},"end":{"line":19,"column":8}}]},"3":{"line":28,"type":"if","locations":[{"start":{"line":28,"column":8},"end":{"line":28,"column":8}},{"start":{"line":28,"column":8},"end":{"line":28,"column":8}}]},"4":{"line":29,"type":"if","locations":[{"start":{"line":29,"column":8},"end":{"line":29,"column":8}},{"start":{"line":29,"column":8},"end":{"line":29,"column":8}}]},"5":{"line":42,"type":"if","locations":[{"start":{"line":42,"column":8},"end":{"line":42,"column":8}},{"start":{"line":42,"column":8},"end":{"line":42,"column":8}}]}}},"contracts/TestUSDC.sol":{"l":{"11":3,"12":3,"13":3,"17":1},"path":"/Users/family/Desktop/Zoth/zoth_contracts/contracts/TestUSDC.sol","s":{"1":3,"2":3,"3":3,"4":1},"b":{"1":[1,0]},"f":{"1":3,"2":1},"fnMap":{"1":{"name":"constructor","line":10,"loc":{"start":{"line":10,"column":4},"end":{"line":14,"column":4}}},"2":{"name":"mint","line":16,"loc":{"start":{"line":16,"column":4},"end":{"line":18,"column":4}}}},"statementMap":{"1":{"start":{"line":11,"column":8},"end":{"line":11,"column":47}},"2":{"start":{"line":12,"column":8},"end":{"line":12,"column":49}},"3":{"start":{"line":13,"column":8},"end":{"line":13,"column":42}},"4":{"start":{"line":17,"column":8},"end":{"line":17,"column":24}}},"branchMap":{"1":{"line":16,"type":"if","locations":[{"start":{"line":16,"column":53},"end":{"line":16,"column":53}},{"start":{"line":16,"column":53},"end":{"line":16,"column":53}}]}}},"contracts/ZothTestLP.sol":{"l":{"81":1,"82":1,"83":1,"84":1,"85":1,"92":7,"93":7,"99":0,"100":0,"106":6,"107":6,"114":8,"118":8,"140":6,"141":6,"142":6,"143":6,"144":6,"145":6,"146":6,"164":1,"172":7,"180":1,"188":1,"205":5,"209":4,"213":3,"217":2,"222":2,"224":2,"228":2,"231":2,"232":2,"235":2,"236":2,"238":2,"239":2,"241":2,"242":2,"243":2,"245":2,"247":2,"253":0,"259":0,"265":0,"271":0,"277":2,"292":1,"293":1,"294":1,"296":1,"301":1,"304":1,"306":1,"307":1,"308":1,"309":0,"311":1,"313":1,"314":1,"315":1,"316":1,"318":0,"321":1,"329":0,"331":0,"332":0,"333":0,"337":0,"341":0,"346":0,"356":0,"362":0,"363":0,"364":0,"366":0,"368":0,"369":0,"370":0,"371":0,"372":0,"373":0,"375":0,"390":0,"391":0,"392":0,"394":0,"396":0,"397":0,"398":0,"399":0,"401":0,"412":0,"416":0,"420":0,"424":0,"430":0,"434":0,"435":0,"437":0,"451":0,"452":0,"453":0},"path":"/Users/family/Desktop/Zoth/zoth_contracts/contracts/ZothTestLP.sol","s":{"1":1,"2":1,"3":1,"4":7,"5":0,"6":6,"7":8,"8":1,"9":7,"10":1,"11":1,"12":5,"13":4,"14":3,"15":2,"16":2,"17":2,"18":2,"19":2,"20":2,"21":2,"22":2,"23":2,"24":0,"25":0,"26":0,"27":0,"28":0,"29":0,"30":0,"31":2,"32":1,"33":1,"34":1,"35":1,"36":1,"37":1,"38":1,"39":1,"40":1,"41":0,"42":0,"43":0,"44":0,"45":0,"46":0,"47":0,"48":0,"49":0,"50":0,"51":0,"52":0,"53":0,"54":0,"55":0,"56":0,"57":0,"58":0,"59":0,"60":0,"61":0,"62":0,"63":0,"64":0,"65":0,"66":0},"b":{"1":[7,0],"2":[0,0],"3":[6,0],"4":[8,0],"5":[8,0],"6":[6,0],"7":[7,0],"8":[1,0],"9":[1,0],"10":[5,0],"11":[5,0],"12":[4,1],"13":[4,0],"14":[0,0],"15":[3,1],"16":[2,1],"17":[2,0],"18":[2,0],"19":[2,0],"20":[0,0],"21":[0,0],"22":[0,0],"23":[1,0],"24":[1,0],"25":[0,1],"26":[1,0],"27":[0,0],"28":[0,0],"29":[0,0],"30":[0,0],"31":[0,0],"32":[0,0],"33":[0,0],"34":[0,0],"35":[0,0],"36":[0,0],"37":[0,0],"38":[0,0],"39":[0,0],"40":[0,0]},"f":{"1":1,"2":7,"3":0,"4":6,"5":8,"6":6,"7":1,"8":7,"9":1,"10":1,"11":5,"12":1,"13":0,"14":0,"15":0,"16":0,"17":0,"18":0},"fnMap":{"1":{"name":"constructor","line":80,"loc":{"start":{"line":80,"column":4},"end":{"line":86,"column":4}}},"2":{"name":"onlyOwners","line":91,"loc":{"start":{"line":91,"column":4},"end":{"line":94,"column":4}}},"3":{"name":"onlyVerifiers","line":98,"loc":{"start":{"line":98,"column":4},"end":{"line":101,"column":4}}},"4":{"name":"onlyWhitelisted","line":105,"loc":{"start":{"line":105,"column":4},"end":{"line":108,"column":4}}},"5":{"name":"onlyAuthorities","line":113,"loc":{"start":{"line":113,"column":4},"end":{"line":119,"column":4}}},"6":{"name":"setContractVariables","line":139,"loc":{"start":{"line":131,"column":4},"end":{"line":147,"column":4}}},"7":{"name":"getContractVariables","line":159,"loc":{"start":{"line":159,"column":4},"end":{"line":165,"column":4}}},"8":{"name":"addWhitelistAddress","line":171,"loc":{"start":{"line":171,"column":4},"end":{"line":173,"column":4}}},"9":{"name":"addVerifierRole","line":179,"loc":{"start":{"line":179,"column":4},"end":{"line":181,"column":4}}},"10":{"name":"removeWhitelistAddress","line":187,"loc":{"start":{"line":187,"column":4},"end":{"line":189,"column":4}}},"11":{"name":"deposit","line":204,"loc":{"start":{"line":201,"column":4},"end":{"line":278,"column":4}}},"12":{"name":"yieldClaimDetails","line":291,"loc":{"start":{"line":289,"column":4},"end":{"line":322,"column":4}}},"13":{"name":"yieldClaim","line":328,"loc":{"start":{"line":328,"column":4},"end":{"line":350,"column":4}}},"14":{"name":"getportfoliobalance","line":355,"loc":{"start":{"line":355,"column":4},"end":{"line":357,"column":4}}},"15":{"name":"getClaimUSDCDetails","line":359,"loc":{"start":{"line":359,"column":4},"end":{"line":376,"column":4}}},"16":{"name":"getWithdrawUSDCDetails","line":387,"loc":{"start":{"line":387,"column":4},"end":{"line":402,"column":4}}},"17":{"name":"withdraw","line":411,"loc":{"start":{"line":411,"column":4},"end":{"line":441,"column":4}}},"18":{"name":"_transfer","line":450,"loc":{"start":{"line":450,"column":4},"end":{"line":454,"column":4}}}},"statementMap":{"1":{"start":{"line":83,"column":8},"end":{"line":83,"column":35}},"2":{"start":{"line":84,"column":8},"end":{"line":84,"column":30}},"3":{"start":{"line":85,"column":8},"end":{"line":85,"column":33}},"4":{"start":{"line":92,"column":8},"end":{"line":92,"column":67}},"5":{"start":{"line":99,"column":8},"end":{"line":99,"column":73}},"6":{"start":{"line":106,"column":8},"end":{"line":106,"column":71}},"7":{"start":{"line":114,"column":8},"end":{"line":114,"column":3292}},"8":{"start":{"line":164,"column":8},"end":{"line":164,"column":75}},"9":{"start":{"line":172,"column":8},"end":{"line":172,"column":33}},"10":{"start":{"line":180,"column":8},"end":{"line":180,"column":31}},"11":{"start":{"line":188,"column":8},"end":{"line":188,"column":36}},"12":{"start":{"line":205,"column":8},"end":{"line":205,"column":6468}},"13":{"start":{"line":209,"column":8},"end":{"line":209,"column":6699}},"14":{"start":{"line":213,"column":8},"end":{"line":213,"column":6871}},"15":{"start":{"line":217,"column":8},"end":{"line":217,"column":7091}},"16":{"start":{"line":222,"column":8},"end":{"line":222,"column":50}},"17":{"start":{"line":224,"column":8},"end":{"line":224,"column":7384}},"18":{"start":{"line":228,"column":8},"end":{"line":228,"column":51}},"19":{"start":{"line":241,"column":8},"end":{"line":241,"column":28}},"20":{"start":{"line":242,"column":8},"end":{"line":242,"column":48}},"21":{"start":{"line":243,"column":8},"end":{"line":243,"column":36}},"22":{"start":{"line":245,"column":8},"end":{"line":245,"column":8063}},"23":{"start":{"line":247,"column":12},"end":{"line":247,"column":8132}},"24":{"start":{"line":251,"column":15},"end":{"line":251,"column":8299}},"25":{"start":{"line":253,"column":12},"end":{"line":253,"column":8397}},"26":{"start":{"line":257,"column":15},"end":{"line":257,"column":8564}},"27":{"start":{"line":259,"column":12},"end":{"line":259,"column":8661}},"28":{"start":{"line":263,"column":15},"end":{"line":263,"column":8828}},"29":{"start":{"line":265,"column":12},"end":{"line":265,"column":8928}},"30":{"start":{"line":271,"column":12},"end":{"line":271,"column":9133}},"31":{"start":{"line":277,"column":8},"end":{"line":277,"column":25}},"32":{"start":{"line":292,"column":8},"end":{"line":292,"column":74}},"33":{"start":{"line":293,"column":8},"end":{"line":293,"column":70}},"34":{"start":{"line":294,"column":8},"end":{"line":294,"column":71}},"35":{"start":{"line":296,"column":8},"end":{"line":296,"column":9964}},"36":{"start":{"line":301,"column":8},"end":{"line":301,"column":10146}},"37":{"start":{"line":304,"column":8},"end":{"line":304,"column":75}},"38":{"start":{"line":308,"column":8},"end":{"line":308,"column":10403}},"39":{"start":{"line":315,"column":8},"end":{"line":315,"column":10662}},"40":{"start":{"line":321,"column":8},"end":{"line":321,"column":28}},"41":{"start":{"line":329,"column":8},"end":{"line":329,"column":70}},"42":{"start":{"line":331,"column":8},"end":{"line":331,"column":72}},"43":{"start":{"line":333,"column":8},"end":{"line":333,"column":11291}},"44":{"start":{"line":337,"column":8},"end":{"line":337,"column":11439}},"45":{"start":{"line":341,"column":8},"end":{"line":341,"column":11620}},"46":{"start":{"line":346,"column":8},"end":{"line":346,"column":11791}},"47":{"start":{"line":356,"column":8},"end":{"line":356,"column":43}},"48":{"start":{"line":362,"column":8},"end":{"line":362,"column":72}},"49":{"start":{"line":363,"column":8},"end":{"line":363,"column":74}},"50":{"start":{"line":364,"column":8},"end":{"line":364,"column":70}},"51":{"start":{"line":366,"column":8},"end":{"line":366,"column":72}},"52":{"start":{"line":375,"column":8},"end":{"line":375,"column":32}},"53":{"start":{"line":390,"column":8},"end":{"line":390,"column":72}},"54":{"start":{"line":391,"column":8},"end":{"line":391,"column":74}},"55":{"start":{"line":392,"column":8},"end":{"line":392,"column":70}},"56":{"start":{"line":394,"column":8},"end":{"line":394,"column":72}},"57":{"start":{"line":401,"column":8},"end":{"line":401,"column":35}},"58":{"start":{"line":412,"column":8},"end":{"line":412,"column":14156}},"59":{"start":{"line":416,"column":8},"end":{"line":416,"column":14338}},"60":{"start":{"line":420,"column":8},"end":{"line":420,"column":14513}},"61":{"start":{"line":424,"column":8},"end":{"line":424,"column":14680}},"62":{"start":{"line":430,"column":8},"end":{"line":430,"column":14895}},"63":{"start":{"line":437,"column":8},"end":{"line":437,"column":15108}},"64":{"start":{"line":451,"column":8},"end":{"line":451,"column":63}},"65":{"start":{"line":452,"column":8},"end":{"line":452,"column":66}},"66":{"start":{"line":453,"column":8},"end":{"line":453,"column":68}}},"branchMap":{"1":{"line":92,"type":"if","locations":[{"start":{"line":92,"column":8},"end":{"line":92,"column":8}},{"start":{"line":92,"column":8},"end":{"line":92,"column":8}}]},"2":{"line":99,"type":"if","locations":[{"start":{"line":99,"column":8},"end":{"line":99,"column":8}},{"start":{"line":99,"column":8},"end":{"line":99,"column":8}}]},"3":{"line":106,"type":"if","locations":[{"start":{"line":106,"column":8},"end":{"line":106,"column":8}},{"start":{"line":106,"column":8},"end":{"line":106,"column":8}}]},"4":{"line":114,"type":"if","locations":[{"start":{"line":114,"column":8},"end":{"line":114,"column":8}},{"start":{"line":114,"column":8},"end":{"line":114,"column":8}}]},"5":{"line":115,"type":"cond-expr","locations":[{"start":{"line":115,"column":12},"end":{"line":115,"column":37}},{"start":{"line":115,"column":42},"end":{"line":115,"column":64}}]},"6":{"line":139,"type":"if","locations":[{"start":{"line":139,"column":15},"end":{"line":139,"column":15}},{"start":{"line":139,"column":15},"end":{"line":139,"column":15}}]},"7":{"line":171,"type":"if","locations":[{"start":{"line":171,"column":60},"end":{"line":171,"column":60}},{"start":{"line":171,"column":60},"end":{"line":171,"column":60}}]},"8":{"line":179,"type":"if","locations":[{"start":{"line":179,"column":56},"end":{"line":179,"column":56}},{"start":{"line":179,"column":56},"end":{"line":179,"column":56}}]},"9":{"line":187,"type":"if","locations":[{"start":{"line":187,"column":63},"end":{"line":187,"column":63}},{"start":{"line":187,"column":63},"end":{"line":187,"column":63}}]},"10":{"line":204,"type":"if","locations":[{"start":{"line":204,"column":13},"end":{"line":204,"column":13}},{"start":{"line":204,"column":13},"end":{"line":204,"column":13}}]},"11":{"line":204,"type":"if","locations":[{"start":{"line":204,"column":29},"end":{"line":204,"column":29}},{"start":{"line":204,"column":29},"end":{"line":204,"column":29}}]},"12":{"line":205,"type":"if","locations":[{"start":{"line":205,"column":8},"end":{"line":205,"column":8}},{"start":{"line":205,"column":8},"end":{"line":205,"column":8}}]},"13":{"line":206,"type":"cond-expr","locations":[{"start":{"line":206,"column":12},"end":{"line":206,"column":29}},{"start":{"line":206,"column":34},"end":{"line":206,"column":51}}]},"14":{"line":206,"type":"cond-expr","locations":[{"start":{"line":206,"column":12},"end":{"line":206,"column":51}},{"start":{"line":206,"column":56},"end":{"line":206,"column":73}}]},"15":{"line":209,"type":"if","locations":[{"start":{"line":209,"column":8},"end":{"line":209,"column":8}},{"start":{"line":209,"column":8},"end":{"line":209,"column":8}}]},"16":{"line":213,"type":"if","locations":[{"start":{"line":213,"column":8},"end":{"line":213,"column":8}},{"start":{"line":213,"column":8},"end":{"line":213,"column":8}}]},"17":{"line":217,"type":"if","locations":[{"start":{"line":217,"column":8},"end":{"line":217,"column":8}},{"start":{"line":217,"column":8},"end":{"line":217,"column":8}}]},"18":{"line":225,"type":"if","locations":[{"start":{"line":225,"column":14},"end":{"line":225,"column":20}},{"start":{"line":226,"column":14},"end":{"line":226,"column":55}}]},"19":{"line":245,"type":"if","locations":[{"start":{"line":245,"column":8},"end":{"line":245,"column":8}},{"start":{"line":245,"column":8},"end":{"line":245,"column":8}}]},"20":{"line":251,"type":"if","locations":[{"start":{"line":251,"column":15},"end":{"line":251,"column":15}},{"start":{"line":251,"column":15},"end":{"line":251,"column":15}}]},"21":{"line":257,"type":"if","locations":[{"start":{"line":257,"column":15},"end":{"line":257,"column":15}},{"start":{"line":257,"column":15},"end":{"line":257,"column":15}}]},"22":{"line":263,"type":"if","locations":[{"start":{"line":263,"column":15},"end":{"line":263,"column":15}},{"start":{"line":263,"column":15},"end":{"line":263,"column":15}}]},"23":{"line":291,"type":"if","locations":[{"start":{"line":291,"column":18},"end":{"line":291,"column":18}},{"start":{"line":291,"column":18},"end":{"line":291,"column":18}}]},"24":{"line":296,"type":"if","locations":[{"start":{"line":296,"column":8},"end":{"line":296,"column":8}},{"start":{"line":296,"column":8},"end":{"line":296,"column":8}}]},"25":{"line":308,"type":"if","locations":[{"start":{"line":308,"column":8},"end":{"line":308,"column":8}},{"start":{"line":308,"column":8},"end":{"line":308,"column":8}}]},"26":{"line":315,"type":"if","locations":[{"start":{"line":315,"column":8},"end":{"line":315,"column":8}},{"start":{"line":315,"column":8},"end":{"line":315,"column":8}}]},"27":{"line":328,"type":"if","locations":[{"start":{"line":328,"column":55},"end":{"line":328,"column":55}},{"start":{"line":328,"column":55},"end":{"line":328,"column":55}}]},"28":{"line":333,"type":"if","locations":[{"start":{"line":333,"column":8},"end":{"line":333,"column":8}},{"start":{"line":333,"column":8},"end":{"line":333,"column":8}}]},"29":{"line":337,"type":"if","locations":[{"start":{"line":337,"column":8},"end":{"line":337,"column":8}},{"start":{"line":337,"column":8},"end":{"line":337,"column":8}}]},"30":{"line":341,"type":"if","locations":[{"start":{"line":341,"column":8},"end":{"line":341,"column":8}},{"start":{"line":341,"column":8},"end":{"line":341,"column":8}}]},"31":{"line":346,"type":"if","locations":[{"start":{"line":346,"column":8},"end":{"line":346,"column":8}},{"start":{"line":346,"column":8},"end":{"line":346,"column":8}}]},"32":{"line":411,"type":"if","locations":[{"start":{"line":411,"column":53},"end":{"line":411,"column":53}},{"start":{"line":411,"column":53},"end":{"line":411,"column":53}}]},"33":{"line":412,"type":"if","locations":[{"start":{"line":412,"column":8},"end":{"line":412,"column":8}},{"start":{"line":412,"column":8},"end":{"line":412,"column":8}}]},"34":{"line":416,"type":"if","locations":[{"start":{"line":416,"column":8},"end":{"line":416,"column":8}},{"start":{"line":416,"column":8},"end":{"line":416,"column":8}}]},"35":{"line":420,"type":"if","locations":[{"start":{"line":420,"column":8},"end":{"line":420,"column":8}},{"start":{"line":420,"column":8},"end":{"line":420,"column":8}}]},"36":{"line":424,"type":"if","locations":[{"start":{"line":424,"column":8},"end":{"line":424,"column":8}},{"start":{"line":424,"column":8},"end":{"line":424,"column":8}}]},"37":{"line":437,"type":"if","locations":[{"start":{"line":437,"column":8},"end":{"line":437,"column":8}},{"start":{"line":437,"column":8},"end":{"line":437,"column":8}}]},"38":{"line":450,"type":"if","locations":[{"start":{"line":450,"column":66},"end":{"line":450,"column":66}},{"start":{"line":450,"column":66},"end":{"line":450,"column":66}}]},"39":{"line":452,"type":"if","locations":[{"start":{"line":452,"column":8},"end":{"line":452,"column":8}},{"start":{"line":452,"column":8},"end":{"line":452,"column":8}}]},"40":{"line":453,"type":"if","locations":[{"start":{"line":453,"column":8},"end":{"line":453,"column":8}},{"start":{"line":453,"column":8},"end":{"line":453,"column":8}}]}}},"contracts/ZothTestLPMultiFreq.sol":{"l":{"83":1,"84":1,"85":1,"86":1,"87":1,"94":11,"95":11,"101":0,"102":0,"108":20,"109":20,"116":12,"120":12,"142":10,"143":10,"144":10,"145":10,"146":10,"147":10,"148":10,"166":1,"174":11,"182":1,"190":1,"207":9,"211":8,"215":7,"219":6,"224":6,"226":6,"230":6,"233":6,"234":6,"237":6,"238":6,"240":6,"241":6,"243":6,"244":6,"245":6,"247":6,"249":6,"255":0,"261":0,"267":0,"273":0,"279":6,"294":5,"295":5,"296":5,"298":5,"303":5,"305":5,"310":5,"312":5,"317":5,"319":5,"324":5,"327":5,"328":5,"330":5,"331":5,"332":5,"333":5,"335":5,"336":5,"337":0,"339":5,"342":5,"343":5,"344":5,"346":5,"347":5,"348":5,"349":5,"350":5,"351":5,"352":5,"353":5,"355":5,"366":5,"379":4,"381":4,"386":3,"387":3,"397":0,"407":0,"408":0,"409":0,"411":0,"413":0,"414":0,"415":0,"416":0,"417":0,"418":0,"420":0,"426":0,"427":0,"428":0,"430":0,"432":0,"433":0,"434":0,"435":0,"437":0,"448":2,"452":2,"456":1,"460":1,"466":1,"470":1,"471":1,"473":1,"487":0,"488":0,"489":0},"path":"/Users/family/Desktop/Zoth/zoth_contracts/contracts/ZothTestLPMultiFreq.sol","s":{"1":1,"2":1,"3":1,"4":11,"5":0,"6":20,"7":12,"8":1,"9":11,"10":1,"11":1,"12":9,"13":8,"14":7,"15":6,"16":6,"17":6,"18":6,"19":6,"20":6,"21":6,"22":6,"23":6,"24":0,"25":0,"26":0,"27":0,"28":0,"29":0,"30":0,"31":6,"32":5,"33":5,"34":5,"35":5,"36":5,"37":5,"38":5,"39":5,"40":5,"41":5,"42":5,"43":5,"44":5,"45":5,"46":5,"47":5,"48":5,"49":5,"50":5,"51":5,"52":5,"53":5,"54":5,"55":4,"56":4,"57":3,"58":0,"59":0,"60":0,"61":0,"62":0,"63":0,"64":0,"65":0,"66":0,"67":0,"68":0,"69":2,"70":2,"71":1,"72":1,"73":1,"74":1,"75":0,"76":0,"77":0},"b":{"1":[11,0],"2":[0,0],"3":[20,0],"4":[12,0],"5":[12,0],"6":[10,0],"7":[11,0],"8":[1,0],"9":[1,0],"10":[9,0],"11":[9,0],"12":[8,1],"13":[8,0],"14":[0,0],"15":[7,1],"16":[6,1],"17":[6,0],"18":[6,0],"19":[6,0],"20":[0,0],"21":[0,0],"22":[0,0],"23":[5,0],"24":[5,0],"25":[5,0],"26":[5,0],"27":[5,0],"28":[5,0],"29":[0,5],"30":[4,0],"31":[3,1],"32":[3,0],"33":[2,0],"34":[2,0],"35":[1,1],"36":[1,0],"37":[1,0],"38":[1,0],"39":[0,0],"40":[0,0],"41":[0,0]},"f":{"1":1,"2":11,"3":0,"4":20,"5":12,"6":10,"7":1,"8":11,"9":1,"10":1,"11":9,"12":5,"13":5,"14":4,"15":0,"16":0,"17":0,"18":2,"19":0},"fnMap":{"1":{"name":"constructor","line":82,"loc":{"start":{"line":82,"column":4},"end":{"line":88,"column":4}}},"2":{"name":"onlyOwners","line":93,"loc":{"start":{"line":93,"column":4},"end":{"line":96,"column":4}}},"3":{"name":"onlyVerifiers","line":100,"loc":{"start":{"line":100,"column":4},"end":{"line":103,"column":4}}},"4":{"name":"onlyWhitelisted","line":107,"loc":{"start":{"line":107,"column":4},"end":{"line":110,"column":4}}},"5":{"name":"onlyAuthorities","line":115,"loc":{"start":{"line":115,"column":4},"end":{"line":121,"column":4}}},"6":{"name":"setContractVariables","line":141,"loc":{"start":{"line":133,"column":4},"end":{"line":149,"column":4}}},"7":{"name":"getContractVariables","line":161,"loc":{"start":{"line":161,"column":4},"end":{"line":167,"column":4}}},"8":{"name":"addWhitelistAddress","line":173,"loc":{"start":{"line":173,"column":4},"end":{"line":175,"column":4}}},"9":{"name":"addVerifierRole","line":181,"loc":{"start":{"line":181,"column":4},"end":{"line":183,"column":4}}},"10":{"name":"removeWhitelistAddress","line":189,"loc":{"start":{"line":189,"column":4},"end":{"line":191,"column":4}}},"11":{"name":"deposit","line":206,"loc":{"start":{"line":203,"column":4},"end":{"line":280,"column":4}}},"12":{"name":"yieldClaimDetails","line":293,"loc":{"start":{"line":291,"column":4},"end":{"line":356,"column":4}}},"13":{"name":"_getCyclesClaimed","line":363,"loc":{"start":{"line":363,"column":4},"end":{"line":367,"column":4}}},"14":{"name":"yieldClaim","line":378,"loc":{"start":{"line":378,"column":4},"end":{"line":391,"column":4}}},"15":{"name":"getportfoliobalance","line":396,"loc":{"start":{"line":396,"column":4},"end":{"line":398,"column":4}}},"16":{"name":"getClaimUSDCDetails","line":404,"loc":{"start":{"line":404,"column":4},"end":{"line":421,"column":4}}},"17":{"name":"getWithdrawUSDCDetails","line":423,"loc":{"start":{"line":423,"column":4},"end":{"line":438,"column":4}}},"18":{"name":"withdraw","line":447,"loc":{"start":{"line":447,"column":4},"end":{"line":477,"column":4}}},"19":{"name":"_transfer","line":486,"loc":{"start":{"line":486,"column":4},"end":{"line":490,"column":4}}}},"statementMap":{"1":{"start":{"line":85,"column":8},"end":{"line":85,"column":35}},"2":{"start":{"line":86,"column":8},"end":{"line":86,"column":30}},"3":{"start":{"line":87,"column":8},"end":{"line":87,"column":33}},"4":{"start":{"line":94,"column":8},"end":{"line":94,"column":67}},"5":{"start":{"line":101,"column":8},"end":{"line":101,"column":73}},"6":{"start":{"line":108,"column":8},"end":{"line":108,"column":71}},"7":{"start":{"line":116,"column":8},"end":{"line":116,"column":3390}},"8":{"start":{"line":166,"column":8},"end":{"line":166,"column":75}},"9":{"start":{"line":174,"column":8},"end":{"line":174,"column":33}},"10":{"start":{"line":182,"column":8},"end":{"line":182,"column":31}},"11":{"start":{"line":190,"column":8},"end":{"line":190,"column":36}},"12":{"start":{"line":207,"column":8},"end":{"line":207,"column":6532}},"13":{"start":{"line":211,"column":8},"end":{"line":211,"column":6763}},"14":{"start":{"line":215,"column":8},"end":{"line":215,"column":6935}},"15":{"start":{"line":219,"column":8},"end":{"line":219,"column":7155}},"16":{"start":{"line":224,"column":8},"end":{"line":224,"column":50}},"17":{"start":{"line":226,"column":8},"end":{"line":226,"column":7448}},"18":{"start":{"line":230,"column":8},"end":{"line":230,"column":51}},"19":{"start":{"line":243,"column":8},"end":{"line":243,"column":28}},"20":{"start":{"line":244,"column":8},"end":{"line":244,"column":48}},"21":{"start":{"line":245,"column":8},"end":{"line":245,"column":36}},"22":{"start":{"line":247,"column":8},"end":{"line":247,"column":8127}},"23":{"start":{"line":249,"column":12},"end":{"line":249,"column":8196}},"24":{"start":{"line":253,"column":15},"end":{"line":253,"column":8363}},"25":{"start":{"line":255,"column":12},"end":{"line":255,"column":8461}},"26":{"start":{"line":259,"column":15},"end":{"line":259,"column":8628}},"27":{"start":{"line":261,"column":12},"end":{"line":261,"column":8725}},"28":{"start":{"line":265,"column":15},"end":{"line":265,"column":8892}},"29":{"start":{"line":267,"column":12},"end":{"line":267,"column":8992}},"30":{"start":{"line":273,"column":12},"end":{"line":273,"column":9197}},"31":{"start":{"line":279,"column":8},"end":{"line":279,"column":25}},"32":{"start":{"line":294,"column":8},"end":{"line":294,"column":74}},"33":{"start":{"line":295,"column":8},"end":{"line":295,"column":70}},"34":{"start":{"line":296,"column":8},"end":{"line":296,"column":71}},"35":{"start":{"line":298,"column":8},"end":{"line":298,"column":10028}},"36":{"start":{"line":303,"column":8},"end":{"line":303,"column":62}},"37":{"start":{"line":305,"column":8},"end":{"line":305,"column":10259}},"38":{"start":{"line":310,"column":8},"end":{"line":310,"column":69}},"39":{"start":{"line":312,"column":8},"end":{"line":312,"column":10506}},"40":{"start":{"line":317,"column":8},"end":{"line":317,"column":58}},"41":{"start":{"line":319,"column":8},"end":{"line":319,"column":10745}},"42":{"start":{"line":324,"column":8},"end":{"line":324,"column":10934}},"43":{"start":{"line":327,"column":8},"end":{"line":327,"column":75}},"44":{"start":{"line":328,"column":8},"end":{"line":328,"column":33}},"45":{"start":{"line":330,"column":8},"end":{"line":330,"column":66}},"46":{"start":{"line":331,"column":8},"end":{"line":331,"column":36}},"47":{"start":{"line":332,"column":8},"end":{"line":332,"column":11244}},"48":{"start":{"line":333,"column":12},"end":{"line":333,"column":11321}},"49":{"start":{"line":336,"column":12},"end":{"line":336,"column":11456}},"50":{"start":{"line":342,"column":8},"end":{"line":342,"column":49}},"51":{"start":{"line":343,"column":8},"end":{"line":343,"column":56}},"52":{"start":{"line":344,"column":8},"end":{"line":344,"column":52}},"53":{"start":{"line":355,"column":8},"end":{"line":355,"column":28}},"54":{"start":{"line":366,"column":8},"end":{"line":366,"column":56}},"55":{"start":{"line":379,"column":8},"end":{"line":379,"column":72}},"56":{"start":{"line":381,"column":8},"end":{"line":381,"column":12956}},"57":{"start":{"line":387,"column":8},"end":{"line":387,"column":13241}},"58":{"start":{"line":397,"column":8},"end":{"line":397,"column":43}},"59":{"start":{"line":407,"column":8},"end":{"line":407,"column":72}},"60":{"start":{"line":408,"column":8},"end":{"line":408,"column":74}},"61":{"start":{"line":409,"column":8},"end":{"line":409,"column":70}},"62":{"start":{"line":411,"column":8},"end":{"line":411,"column":72}},"63":{"start":{"line":420,"column":8},"end":{"line":420,"column":32}},"64":{"start":{"line":426,"column":8},"end":{"line":426,"column":72}},"65":{"start":{"line":427,"column":8},"end":{"line":427,"column":74}},"66":{"start":{"line":428,"column":8},"end":{"line":428,"column":70}},"67":{"start":{"line":430,"column":8},"end":{"line":430,"column":72}},"68":{"start":{"line":437,"column":8},"end":{"line":437,"column":35}},"69":{"start":{"line":448,"column":8},"end":{"line":448,"column":15551}},"70":{"start":{"line":452,"column":8},"end":{"line":452,"column":15733}},"71":{"start":{"line":456,"column":8},"end":{"line":456,"column":15908}},"72":{"start":{"line":460,"column":8},"end":{"line":460,"column":16075}},"73":{"start":{"line":466,"column":8},"end":{"line":466,"column":16290}},"74":{"start":{"line":473,"column":8},"end":{"line":473,"column":16503}},"75":{"start":{"line":487,"column":8},"end":{"line":487,"column":63}},"76":{"start":{"line":488,"column":8},"end":{"line":488,"column":66}},"77":{"start":{"line":489,"column":8},"end":{"line":489,"column":78}}},"branchMap":{"1":{"line":94,"type":"if","locations":[{"start":{"line":94,"column":8},"end":{"line":94,"column":8}},{"start":{"line":94,"column":8},"end":{"line":94,"column":8}}]},"2":{"line":101,"type":"if","locations":[{"start":{"line":101,"column":8},"end":{"line":101,"column":8}},{"start":{"line":101,"column":8},"end":{"line":101,"column":8}}]},"3":{"line":108,"type":"if","locations":[{"start":{"line":108,"column":8},"end":{"line":108,"column":8}},{"start":{"line":108,"column":8},"end":{"line":108,"column":8}}]},"4":{"line":116,"type":"if","locations":[{"start":{"line":116,"column":8},"end":{"line":116,"column":8}},{"start":{"line":116,"column":8},"end":{"line":116,"column":8}}]},"5":{"line":117,"type":"cond-expr","locations":[{"start":{"line":117,"column":12},"end":{"line":117,"column":37}},{"start":{"line":117,"column":42},"end":{"line":117,"column":64}}]},"6":{"line":141,"type":"if","locations":[{"start":{"line":141,"column":15},"end":{"line":141,"column":15}},{"start":{"line":141,"column":15},"end":{"line":141,"column":15}}]},"7":{"line":173,"type":"if","locations":[{"start":{"line":173,"column":60},"end":{"line":173,"column":60}},{"start":{"line":173,"column":60},"end":{"line":173,"column":60}}]},"8":{"line":181,"type":"if","locations":[{"start":{"line":181,"column":56},"end":{"line":181,"column":56}},{"start":{"line":181,"column":56},"end":{"line":181,"column":56}}]},"9":{"line":189,"type":"if","locations":[{"start":{"line":189,"column":63},"end":{"line":189,"column":63}},{"start":{"line":189,"column":63},"end":{"line":189,"column":63}}]},"10":{"line":206,"type":"if","locations":[{"start":{"line":206,"column":13},"end":{"line":206,"column":13}},{"start":{"line":206,"column":13},"end":{"line":206,"column":13}}]},"11":{"line":206,"type":"if","locations":[{"start":{"line":206,"column":29},"end":{"line":206,"column":29}},{"start":{"line":206,"column":29},"end":{"line":206,"column":29}}]},"12":{"line":207,"type":"if","locations":[{"start":{"line":207,"column":8},"end":{"line":207,"column":8}},{"start":{"line":207,"column":8},"end":{"line":207,"column":8}}]},"13":{"line":208,"type":"cond-expr","locations":[{"start":{"line":208,"column":12},"end":{"line":208,"column":29}},{"start":{"line":208,"column":34},"end":{"line":208,"column":51}}]},"14":{"line":208,"type":"cond-expr","locations":[{"start":{"line":208,"column":12},"end":{"line":208,"column":51}},{"start":{"line":208,"column":56},"end":{"line":208,"column":73}}]},"15":{"line":211,"type":"if","locations":[{"start":{"line":211,"column":8},"end":{"line":211,"column":8}},{"start":{"line":211,"column":8},"end":{"line":211,"column":8}}]},"16":{"line":215,"type":"if","locations":[{"start":{"line":215,"column":8},"end":{"line":215,"column":8}},{"start":{"line":215,"column":8},"end":{"line":215,"column":8}}]},"17":{"line":219,"type":"if","locations":[{"start":{"line":219,"column":8},"end":{"line":219,"column":8}},{"start":{"line":219,"column":8},"end":{"line":219,"column":8}}]},"18":{"line":227,"type":"if","locations":[{"start":{"line":227,"column":14},"end":{"line":227,"column":20}},{"start":{"line":228,"column":14},"end":{"line":228,"column":55}}]},"19":{"line":247,"type":"if","locations":[{"start":{"line":247,"column":8},"end":{"line":247,"column":8}},{"start":{"line":247,"column":8},"end":{"line":247,"column":8}}]},"20":{"line":253,"type":"if","locations":[{"start":{"line":253,"column":15},"end":{"line":253,"column":15}},{"start":{"line":253,"column":15},"end":{"line":253,"column":15}}]},"21":{"line":259,"type":"if","locations":[{"start":{"line":259,"column":15},"end":{"line":259,"column":15}},{"start":{"line":259,"column":15},"end":{"line":259,"column":15}}]},"22":{"line":265,"type":"if","locations":[{"start":{"line":265,"column":15},"end":{"line":265,"column":15}},{"start":{"line":265,"column":15},"end":{"line":265,"column":15}}]},"23":{"line":293,"type":"if","locations":[{"start":{"line":293,"column":18},"end":{"line":293,"column":18}},{"start":{"line":293,"column":18},"end":{"line":293,"column":18}}]},"24":{"line":298,"type":"if","locations":[{"start":{"line":298,"column":8},"end":{"line":298,"column":8}},{"start":{"line":298,"column":8},"end":{"line":298,"column":8}}]},"25":{"line":305,"type":"if","locations":[{"start":{"line":305,"column":8},"end":{"line":305,"column":8}},{"start":{"line":305,"column":8},"end":{"line":305,"column":8}}]},"26":{"line":312,"type":"if","locations":[{"start":{"line":312,"column":8},"end":{"line":312,"column":8}},{"start":{"line":312,"column":8},"end":{"line":312,"column":8}}]},"27":{"line":319,"type":"if","locations":[{"start":{"line":319,"column":8},"end":{"line":319,"column":8}},{"start":{"line":319,"column":8},"end":{"line":319,"column":8}}]},"28":{"line":332,"type":"if","locations":[{"start":{"line":332,"column":8},"end":{"line":332,"column":8}},{"start":{"line":332,"column":8},"end":{"line":332,"column":8}}]},"29":{"line":336,"type":"if","locations":[{"start":{"line":336,"column":12},"end":{"line":336,"column":12}},{"start":{"line":336,"column":12},"end":{"line":336,"column":12}}]},"30":{"line":378,"type":"if","locations":[{"start":{"line":378,"column":55},"end":{"line":378,"column":55}},{"start":{"line":378,"column":55},"end":{"line":378,"column":55}}]},"31":{"line":381,"type":"if","locations":[{"start":{"line":381,"column":8},"end":{"line":381,"column":8}},{"start":{"line":381,"column":8},"end":{"line":381,"column":8}}]},"32":{"line":387,"type":"if","locations":[{"start":{"line":387,"column":8},"end":{"line":387,"column":8}},{"start":{"line":387,"column":8},"end":{"line":387,"column":8}}]},"33":{"line":447,"type":"if","locations":[{"start":{"line":447,"column":53},"end":{"line":447,"column":53}},{"start":{"line":447,"column":53},"end":{"line":447,"column":53}}]},"34":{"line":448,"type":"if","locations":[{"start":{"line":448,"column":8},"end":{"line":448,"column":8}},{"start":{"line":448,"column":8},"end":{"line":448,"column":8}}]},"35":{"line":452,"type":"if","locations":[{"start":{"line":452,"column":8},"end":{"line":452,"column":8}},{"start":{"line":452,"column":8},"end":{"line":452,"column":8}}]},"36":{"line":456,"type":"if","locations":[{"start":{"line":456,"column":8},"end":{"line":456,"column":8}},{"start":{"line":456,"column":8},"end":{"line":456,"column":8}}]},"37":{"line":460,"type":"if","locations":[{"start":{"line":460,"column":8},"end":{"line":460,"column":8}},{"start":{"line":460,"column":8},"end":{"line":460,"column":8}}]},"38":{"line":473,"type":"if","locations":[{"start":{"line":473,"column":8},"end":{"line":473,"column":8}},{"start":{"line":473,"column":8},"end":{"line":473,"column":8}}]},"39":{"line":486,"type":"if","locations":[{"start":{"line":486,"column":66},"end":{"line":486,"column":66}},{"start":{"line":486,"column":66},"end":{"line":486,"column":66}}]},"40":{"line":488,"type":"if","locations":[{"start":{"line":488,"column":8},"end":{"line":488,"column":8}},{"start":{"line":488,"column":8},"end":{"line":488,"column":8}}]},"41":{"line":489,"type":"if","locations":[{"start":{"line":489,"column":8},"end":{"line":489,"column":8}},{"start":{"line":489,"column":8},"end":{"line":489,"column":8}}]}}}}